  [4;36;1mSQL (0.2ms)[0m   [0;1m SELECT name
 FROM sqlite_master
 WHERE type = 'table' AND NOT name = 'sqlite_sequence'
[0m
  [4;35;1mSQL (0.1ms)[0m   [0mselect sqlite_version(*)[0m
  [4;36;1mSQL (276.3ms)[0m   [0;1mCREATE TABLE "schema_migrations" ("version" varchar(255) NOT NULL) [0m
  [4;35;1mSQL (0.1ms)[0m   [0mPRAGMA index_list("schema_migrations")[0m
  [4;36;1mSQL (3.3ms)[0m   [0;1mCREATE UNIQUE INDEX "unique_schema_migrations" ON "schema_migrations" ("version")[0m
  [4;35;1mSQL (0.3ms)[0m   [0m SELECT name
 FROM sqlite_master
 WHERE type = 'table' AND NOT name = 'sqlite_sequence'
[0m
  [4;36;1mSQL (0.1ms)[0m   [0;1mSELECT version FROM schema_migrations[0m
Migrating to CreateDegrees (20100622230831)
  [4;35;1mSQL (0.4ms)[0m   [0mCREATE TABLE "degrees" ("id" INTEGER PRIMARY KEY AUTOINCREMENT NOT NULL, "title" varchar(255), "name" varchar(255), "years" integer, "created_at" datetime, "updated_at" datetime) [0m
  [4;36;1mDegree Create (0.1ms)[0m   [0;1mINSERT INTO "degrees" ("name", "created_at", "title", "years", "updated_at") VALUES('BS', '2010-06-22 23:10:40', 'Bachlor of Science', 4, '2010-06-22 23:10:40')[0m
  [4;35;1mDegree Create (0.1ms)[0m   [0mINSERT INTO "degrees" ("name", "created_at", "title", "years", "updated_at") VALUES('MS', '2010-06-22 23:10:40', 'Master of Science', 2, '2010-06-22 23:10:40')[0m
  [4;36;1mDegree Create (0.1ms)[0m   [0;1mINSERT INTO "degrees" ("name", "created_at", "title", "years", "updated_at") VALUES('PhD', '2010-06-22 23:10:40', 'Doctor of Philosophy', 4, '2010-06-22 23:10:40')[0m
  [4;35;1mSQL (0.1ms)[0m   [0mINSERT INTO schema_migrations (version) VALUES ('20100622230831')[0m
  [4;36;1mSQL (0.2ms)[0m   [0;1m SELECT name
 FROM sqlite_master
 WHERE type = 'table' AND NOT name = 'sqlite_sequence'
[0m
  [4;35;1mSQL (0.1ms)[0m   [0mSELECT version FROM schema_migrations[0m
  [4;36;1mSQL (0.1ms)[0m   [0;1m SELECT name
 FROM sqlite_master
 WHERE type = 'table' AND NOT name = 'sqlite_sequence'
[0m
  [4;35;1mSQL (0.0ms)[0m   [0mPRAGMA index_list("degrees")[0m
  [4;36;1mSQL (0.1ms)[0m   [0;1mSELECT count(*) AS count_all FROM "degrees" [0m
  [4;36;1mSQL (0.3ms)[0m   [0;1m SELECT name
 FROM sqlite_master
 WHERE type = 'table' AND NOT name = 'sqlite_sequence'
[0m
  [4;35;1mSQL (0.1ms)[0m   [0mSELECT version FROM schema_migrations[0m
Migrating to CreateDegrees (20100622230831)
Migrating to CreateGraduates (20100622231221)
  [4;36;1mSQL (0.1ms)[0m   [0;1mselect sqlite_version(*)[0m
  [4;35;1mSQL (0.4ms)[0m   [0mCREATE TABLE "graduates" ("id" INTEGER PRIMARY KEY AUTOINCREMENT NOT NULL, "first_name" varchar(255), "last_name" varchar(255), "degree_id" integer, "year_of_graduation" integer, "created_at" datetime, "updated_at" datetime) [0m
  [4;36;1mSQL (0.1ms)[0m   [0;1m SELECT name
 FROM sqlite_master
 WHERE type = 'table' AND NOT name = 'sqlite_sequence'
[0m
  [4;35;1mSQL (0.1ms)[0m   [0m SELECT name
 FROM sqlite_master
 WHERE type = 'table' AND NOT name = 'sqlite_sequence'
[0m
  [4;36;1mSQL (0.1ms)[0m   [0;1mselect sqlite_version(*)[0m
  [4;35;1mSQL (0.1ms)[0m   [0m SELECT name
 FROM sqlite_master
 WHERE type = 'table' AND NOT name = 'sqlite_sequence'
[0m
  [4;36;1mSQL (40.7ms)[0m   [0;1mCREATE TABLE "degrees" ("id" INTEGER PRIMARY KEY AUTOINCREMENT NOT NULL, "title" varchar(255), "name" varchar(255), "years" integer, "created_at" datetime, "updated_at" datetime) [0m
  [4;35;1mSQL (0.2ms)[0m   [0m SELECT name
 FROM sqlite_master
 WHERE type = 'table' AND NOT name = 'sqlite_sequence'
[0m
  [4;36;1mSQL (2.8ms)[0m   [0;1mCREATE TABLE "schema_migrations" ("version" varchar(255) NOT NULL) [0m
  [4;35;1mSQL (0.1ms)[0m   [0mPRAGMA index_list("schema_migrations")[0m
  [4;36;1mSQL (3.9ms)[0m   [0;1mCREATE UNIQUE INDEX "unique_schema_migrations" ON "schema_migrations" ("version")[0m
  [4;35;1mSQL (0.2ms)[0m   [0m SELECT name
 FROM sqlite_master
 WHERE type = 'table' AND NOT name = 'sqlite_sequence'
[0m
  [4;36;1mSQL (0.1ms)[0m   [0;1mSELECT version FROM "schema_migrations"[0m
  [4;35;1mSQL (3.0ms)[0m   [0mINSERT INTO "schema_migrations" (version) VALUES ('20100622230831')[0m
  [4;36;1mSQL (0.1ms)[0m   [0;1mselect sqlite_version(*)[0m
  [4;35;1mSQL (0.1ms)[0m   [0m SELECT name
 FROM sqlite_master
 WHERE type = 'table' AND NOT name = 'sqlite_sequence'
[0m
  [4;36;1mSQL (44.6ms)[0m   [0;1mCREATE TABLE "degrees" ("id" INTEGER PRIMARY KEY AUTOINCREMENT NOT NULL, "title" varchar(255), "name" varchar(255), "years" integer, "created_at" datetime, "updated_at" datetime) [0m
  [4;35;1mSQL (0.3ms)[0m   [0m SELECT name
 FROM sqlite_master
 WHERE type = 'table' AND NOT name = 'sqlite_sequence'
[0m
  [4;36;1mSQL (3.1ms)[0m   [0;1mCREATE TABLE "schema_migrations" ("version" varchar(255) NOT NULL) [0m
  [4;35;1mSQL (0.1ms)[0m   [0mPRAGMA index_list("schema_migrations")[0m
  [4;36;1mSQL (4.5ms)[0m   [0;1mCREATE UNIQUE INDEX "unique_schema_migrations" ON "schema_migrations" ("version")[0m
  [4;35;1mSQL (0.2ms)[0m   [0m SELECT name
 FROM sqlite_master
 WHERE type = 'table' AND NOT name = 'sqlite_sequence'
[0m
  [4;36;1mSQL (0.1ms)[0m   [0;1mSELECT version FROM "schema_migrations"[0m
  [4;35;1mSQL (4.1ms)[0m   [0mINSERT INTO "schema_migrations" (version) VALUES ('20100622230831')[0m
  [4;36;1mSQL (0.1ms)[0m   [0;1mselect sqlite_version(*)[0m
  [4;35;1mSQL (0.1ms)[0m   [0m SELECT name
 FROM sqlite_master
 WHERE type = 'table' AND NOT name = 'sqlite_sequence'
[0m
  [4;36;1mSQL (38.3ms)[0m   [0;1mCREATE TABLE "degrees" ("id" INTEGER PRIMARY KEY AUTOINCREMENT NOT NULL, "title" varchar(255), "name" varchar(255), "years" integer, "created_at" datetime, "updated_at" datetime) [0m
  [4;35;1mSQL (0.3ms)[0m   [0m SELECT name
 FROM sqlite_master
 WHERE type = 'table' AND NOT name = 'sqlite_sequence'
[0m
  [4;36;1mSQL (3.2ms)[0m   [0;1mCREATE TABLE "schema_migrations" ("version" varchar(255) NOT NULL) [0m
  [4;35;1mSQL (0.1ms)[0m   [0mPRAGMA index_list("schema_migrations")[0m
  [4;36;1mSQL (3.9ms)[0m   [0;1mCREATE UNIQUE INDEX "unique_schema_migrations" ON "schema_migrations" ("version")[0m
  [4;35;1mSQL (0.3ms)[0m   [0m SELECT name
 FROM sqlite_master
 WHERE type = 'table' AND NOT name = 'sqlite_sequence'
[0m
  [4;36;1mSQL (0.1ms)[0m   [0;1mSELECT version FROM "schema_migrations"[0m
  [4;35;1mSQL (4.7ms)[0m   [0mINSERT INTO "schema_migrations" (version) VALUES ('20100622230831')[0m
  [4;36;1mSQL (0.3ms)[0m   [0;1m SELECT name
 FROM sqlite_master
 WHERE type = 'table' AND NOT name = 'sqlite_sequence'
[0m
  [4;35;1mSQL (0.1ms)[0m   [0mSELECT version FROM schema_migrations[0m
Migrating to CreateDegrees (20100622230831)
Migrating to CreateGraduates (20100622231221)
  [4;36;1mSQL (0.0ms)[0m   [0;1mselect sqlite_version(*)[0m
  [4;35;1mSQL (0.6ms)[0m   [0mCREATE TABLE "graduates" ("id" INTEGER PRIMARY KEY AUTOINCREMENT NOT NULL, "first_name" varchar(255), "last_name" varchar(255), "degree_id" integer, "year_of_graduation" integer, "created_at" datetime, "updated_at" datetime) [0m
  [4;36;1mGraduate Create (0.1ms)[0m   [0;1mINSERT INTO "graduates" ("created_at", "year_of_graduation", "degree_id", "updated_at", "last_name", "first_name") VALUES('2010-06-22 23:18:43', 2009, 1, '2010-06-22 23:18:43', 'Smith', 'John')[0m
  [4;35;1mGraduate Create (0.1ms)[0m   [0mINSERT INTO "graduates" ("created_at", "year_of_graduation", "degree_id", "updated_at", "last_name", "first_name") VALUES('2010-06-22 23:18:43', 2008, 2, '2010-06-22 23:18:43', 'Walker', 'Jason')[0m
  [4;36;1mGraduate Create (0.0ms)[0m   [0;1mINSERT INTO "graduates" ("created_at", "year_of_graduation", "degree_id", "updated_at", "last_name", "first_name") VALUES('2010-06-22 23:18:43', 2009, 1, '2010-06-22 23:18:43', 'Smith', 'Sara')[0m
  [4;35;1mGraduate Create (0.0ms)[0m   [0mINSERT INTO "graduates" ("created_at", "year_of_graduation", "degree_id", "updated_at", "last_name", "first_name") VALUES('2010-06-22 23:18:43', 2010, 2, '2010-06-22 23:18:43', 'Jacobs', 'Jill')[0m
  [4;36;1mGraduate Create (0.0ms)[0m   [0;1mINSERT INTO "graduates" ("created_at", "year_of_graduation", "degree_id", "updated_at", "last_name", "first_name") VALUES('2010-06-22 23:18:43', 2009, 3, '2010-06-22 23:18:43', 'Smith', 'Bill')[0m
  [4;35;1mGraduate Create (0.0ms)[0m   [0mINSERT INTO "graduates" ("created_at", "year_of_graduation", "degree_id", "updated_at", "last_name", "first_name") VALUES('2010-06-22 23:18:43', 2008, 2, '2010-06-22 23:18:43', 'Baker', 'Bobby')[0m
  [4;36;1mGraduate Create (0.1ms)[0m   [0;1mINSERT INTO "graduates" ("created_at", "year_of_graduation", "degree_id", "updated_at", "last_name", "first_name") VALUES('2010-06-22 23:18:43', 2009, 1, '2010-06-22 23:18:43', 'Johnson', 'Buddy')[0m
  [4;35;1mSQL (0.1ms)[0m   [0mINSERT INTO schema_migrations (version) VALUES ('20100622231221')[0m
  [4;36;1mSQL (0.2ms)[0m   [0;1m SELECT name
 FROM sqlite_master
 WHERE type = 'table' AND NOT name = 'sqlite_sequence'
[0m
  [4;35;1mSQL (0.1ms)[0m   [0mSELECT version FROM schema_migrations[0m
  [4;36;1mSQL (0.1ms)[0m   [0;1m SELECT name
 FROM sqlite_master
 WHERE type = 'table' AND NOT name = 'sqlite_sequence'
[0m
  [4;35;1mSQL (0.0ms)[0m   [0mPRAGMA index_list("degrees")[0m
  [4;36;1mSQL (0.0ms)[0m   [0;1mPRAGMA index_list("graduates")[0m
  [4;36;1mSQL (0.1ms)[0m   [0;1mSELECT count(*) AS count_all FROM "graduates" [0m


Processing GraduatesController#index (for 127.0.0.1 at 2010-06-22 18:19:46) [GET]
  [4;36;1mGraduate Load (0.5ms)[0m   [0;1mSELECT * FROM "graduates" [0m
Rendering template within layouts/graduates
Rendering graduates/index
Completed in 32ms (View: 28, DB: 1) | 200 OK [http://localhost/graduates]


Processing ApplicationController#index (for 127.0.0.1 at 2010-06-22 18:25:39) [GET]

ActionController::RoutingError (No route matches "/graduate_advisors" with {:method=>:get}):
  

Rendering rescues/layout (not_found)


Processing ApplicationController#index (for 127.0.0.1 at 2010-06-22 18:29:39) [GET]

ActionController::RoutingError (No route matches "/graduate_advisors" with {:method=>:get}):
  

Rendering rescues/layout (not_found)


Processing GraduateAdvisorsController#index (for 127.0.0.1 at 2010-06-22 18:30:57) [GET]

ActionView::MissingTemplate (Missing template graduate_advisors/index.erb in view path app/views):
  

Rendering rescues/layout (internal_server_error)


Processing GraduateAdvisorsController#index (for 127.0.0.1 at 2010-06-22 18:39:28) [GET]
Rendering graduate_advisors/index
Completed in 7ms (View: 5, DB: 0) | 200 OK [http://localhost/graduate_advisors]


Processing GraduateAdvisorsController#index (for 127.0.0.1 at 2010-06-22 18:40:03) [GET]
Rendering graduate_advisors/index
Completed in 2ms (View: 1, DB: 0) | 200 OK [http://localhost/graduate_advisors]


Processing GraduateAdvisorsController#show (for 127.0.0.1 at 2010-06-22 18:40:18) [GET]
  Parameters: {"id"=>"2009"}

ActionController::UnknownAction (No action responded to show. Actions: index):
  

Rendering rescues/layout (not_found)


Processing GraduateAdvisorsController#disp (for 127.0.0.1 at 2010-06-22 18:41:57) [GET]
  Parameters: {"id"=>"2009"}
Rendering graduate_advisors/disp
Completed in 6ms (View: 4, DB: 0) | 200 OK [http://localhost/graduate_advisors/disp/2009]


Processing GraduateAdvisorsController#disp (for 127.0.0.1 at 2010-06-22 18:43:19) [GET]
  Parameters: {"id"=>"2009"}
Rendering graduate_advisors/disp
Completed in 6ms (View: 4, DB: 0) | 200 OK [http://localhost/graduate_advisors/disp/2009]


Processing GraduateAdvisorsController#disp (for 127.0.0.1 at 2010-06-22 18:47:03) [GET]
  Parameters: {"id"=>"2009"}
Rendering graduate_advisors/disp

ActionView::TemplateError (wrong number of arguments (0 for 1)) on line #3 of app/views/graduate_advisors/disp.html.erb:
1: Students who graduate in a given year:
2: <p>
3: <% form_for() do |f| %>
4:   <p>
5:     <%= f.label :year %><br />
6:     <%= f.text_field @year %>

    app/views/graduate_advisors/disp.html.erb:3:in `form_for'
    app/views/graduate_advisors/disp.html.erb:3

Rendered rescues/_trace (34.6ms)
Rendered rescues/_request_and_response (1.1ms)
Rendering rescues/layout (internal_server_error)


Processing GraduateAdvisorsController#disp (for 127.0.0.1 at 2010-06-22 18:49:31) [GET]
  Parameters: {"id"=>"2009"}
Rendering graduate_advisors/disp

ActionView::TemplateError (undefined method `label' for nil:NilClass) on line #5 of app/views/graduate_advisors/disp.html.erb:
2: <p>
3: <% form_tag do |f| %>
4:   <p>
5:     <%= f.label :year %><br />
6:     <%= f.text_field @year %>
7:   </p>
8: <% end %>

    app/views/graduate_advisors/disp.html.erb:5
    app/views/graduate_advisors/disp.html.erb:3

Rendered rescues/_trace (35.1ms)
Rendered rescues/_request_and_response (0.3ms)
Rendering rescues/layout (internal_server_error)


Processing GraduateAdvisorsController#disp (for 127.0.0.1 at 2010-06-22 18:50:04) [GET]
  Parameters: {"id"=>"2009"}
Rendering graduate_advisors/disp
ERROR: compiling _run_erb_app47views47graduate_advisors47disp46html46erb RAISED compile error
/Users/venkats/agility/svnuh/u10_ror/venkat/code/06222010/grads/app/views/graduate_advisors/disp.html.erb:9: syntax error, unexpected kENSURE, expecting $end
Function body:           def _run_erb_app47views47graduate_advisors47disp46html46erb(local_assigns)
            old_output_buffer = output_buffer;;@output_buffer = '';  __in_erb_template=true ; @output_buffer.concat "Students who graduate in a given year:\n<p>\n"

;  form_tag ; @output_buffer.concat "\n  <p>\n    "

; @output_buffer.concat(( f.label :year ).to_s); @output_buffer.concat "<br />\n    "
; @output_buffer.concat(( f.text_field @year ).to_s); @output_buffer.concat "\n  </p>\n"

;  end ; @output_buffer
          ensure
            self.output_buffer = old_output_buffer
          end
Backtrace: /Users/venkats/agility/svnuh/u10_ror/venkat/code/06222010/grads/app/views/graduate_advisors/disp.html.erb:9:in `compile!'
/Library/Ruby/Gems/1.8/gems/actionpack-2.3.8/lib/action_view/renderable.rb:61:in `compile'
/Library/Ruby/Gems/1.8/gems/actionpack-2.3.8/lib/action_view/renderable.rb:28:in `render'
/Library/Ruby/Gems/1.8/gems/actionpack-2.3.8/lib/action_view/template.rb:205:in `render_template'
/Library/Ruby/Gems/1.8/gems/actionpack-2.3.8/lib/action_view/base.rb:265:in `render'
/Library/Ruby/Gems/1.8/gems/actionpack-2.3.8/lib/action_controller/base.rb:1250:in `render_for_file'
/Library/Ruby/Gems/1.8/gems/actionpack-2.3.8/lib/action_controller/base.rb:936:in `render_without_benchmark'
/Library/Ruby/Gems/1.8/gems/actionpack-2.3.8/lib/action_controller/benchmarking.rb:51:in `render'
/Library/Ruby/Gems/1.8/gems/activesupport-2.3.8/lib/active_support/core_ext/benchmark.rb:17:in `ms'
/System/Library/Frameworks/Ruby.framework/Versions/1.8/usr/lib/ruby/1.8/benchmark.rb:308:in `realtime'
/Library/Ruby/Gems/1.8/gems/activesupport-2.3.8/lib/active_support/core_ext/benchmark.rb:17:in `ms'
/Library/Ruby/Gems/1.8/gems/actionpack-2.3.8/lib/action_controller/benchmarking.rb:51:in `render'
/Library/Ruby/Gems/1.8/gems/actionpack-2.3.8/lib/action_controller/base.rb:1326:in `default_render'
/Library/Ruby/Gems/1.8/gems/actionpack-2.3.8/lib/action_controller/base.rb:1332:in `perform_action_without_filters'
/Library/Ruby/Gems/1.8/gems/actionpack-2.3.8/lib/action_controller/filters.rb:617:in `call_filters'
/Library/Ruby/Gems/1.8/gems/actionpack-2.3.8/lib/action_controller/filters.rb:610:in `perform_action_without_benchmark'
/Library/Ruby/Gems/1.8/gems/actionpack-2.3.8/lib/action_controller/benchmarking.rb:68:in `perform_action_without_rescue'
/Library/Ruby/Gems/1.8/gems/activesupport-2.3.8/lib/active_support/core_ext/benchmark.rb:17:in `ms'
/System/Library/Frameworks/Ruby.framework/Versions/1.8/usr/lib/ruby/1.8/benchmark.rb:308:in `realtime'
/Library/Ruby/Gems/1.8/gems/activesupport-2.3.8/lib/active_support/core_ext/benchmark.rb:17:in `ms'
/Library/Ruby/Gems/1.8/gems/actionpack-2.3.8/lib/action_controller/benchmarking.rb:68:in `perform_action_without_rescue'
/Library/Ruby/Gems/1.8/gems/actionpack-2.3.8/lib/action_controller/rescue.rb:160:in `perform_action_without_flash'
/Library/Ruby/Gems/1.8/gems/actionpack-2.3.8/lib/action_controller/flash.rb:151:in `perform_action'
/Library/Ruby/Gems/1.8/gems/actionpack-2.3.8/lib/action_controller/base.rb:532:in `send'
/Library/Ruby/Gems/1.8/gems/actionpack-2.3.8/lib/action_controller/base.rb:532:in `process_without_filters'
/Library/Ruby/Gems/1.8/gems/actionpack-2.3.8/lib/action_controller/filters.rb:606:in `process'
/Library/Ruby/Gems/1.8/gems/actionpack-2.3.8/lib/action_controller/base.rb:391:in `process'
/Library/Ruby/Gems/1.8/gems/actionpack-2.3.8/lib/action_controller/base.rb:386:in `call'
/Library/Ruby/Gems/1.8/gems/actionpack-2.3.8/lib/action_controller/routing/route_set.rb:438:in `call'
/Library/Ruby/Gems/1.8/gems/actionpack-2.3.8/lib/action_controller/dispatcher.rb:87:in `dispatch'
/Library/Ruby/Gems/1.8/gems/actionpack-2.3.8/lib/action_controller/dispatcher.rb:121:in `_call'
/Library/Ruby/Gems/1.8/gems/actionpack-2.3.8/lib/action_controller/dispatcher.rb:130:in `build_middleware_stack'
/Library/Ruby/Gems/1.8/gems/activerecord-2.3.8/lib/active_record/query_cache.rb:29:in `call'
/Library/Ruby/Gems/1.8/gems/activerecord-2.3.8/lib/active_record/query_cache.rb:29:in `call'
/Library/Ruby/Gems/1.8/gems/activerecord-2.3.8/lib/active_record/connection_adapters/abstract/query_cache.rb:34:in `cache'
/Library/Ruby/Gems/1.8/gems/activerecord-2.3.8/lib/active_record/query_cache.rb:9:in `cache'
/Library/Ruby/Gems/1.8/gems/activerecord-2.3.8/lib/active_record/query_cache.rb:28:in `call'
/Library/Ruby/Gems/1.8/gems/activerecord-2.3.8/lib/active_record/connection_adapters/abstract/connection_pool.rb:361:in `call'
/Library/Ruby/Gems/1.8/gems/actionpack-2.3.8/lib/action_controller/string_coercion.rb:25:in `call'
/Library/Ruby/Gems/1.8/gems/rack-1.1.0/lib/rack/head.rb:9:in `call'
/Library/Ruby/Gems/1.8/gems/rack-1.1.0/lib/rack/methodoverride.rb:24:in `call'
/Library/Ruby/Gems/1.8/gems/actionpack-2.3.8/lib/action_controller/params_parser.rb:15:in `call'
/Library/Ruby/Gems/1.8/gems/actionpack-2.3.8/lib/action_controller/session/cookie_store.rb:99:in `call'
/Library/Ruby/Gems/1.8/gems/actionpack-2.3.8/lib/action_controller/failsafe.rb:26:in `call'
/Library/Ruby/Gems/1.8/gems/rack-1.1.0/lib/rack/lock.rb:11:in `call'
/Library/Ruby/Gems/1.8/gems/rack-1.1.0/lib/rack/lock.rb:11:in `synchronize'
/Library/Ruby/Gems/1.8/gems/rack-1.1.0/lib/rack/lock.rb:11:in `call'
/Library/Ruby/Gems/1.8/gems/actionpack-2.3.8/lib/action_controller/dispatcher.rb:114:in `call'
/Library/Ruby/Gems/1.8/gems/actionpack-2.3.8/lib/action_controller/reloader.rb:34:in `run'
/Library/Ruby/Gems/1.8/gems/actionpack-2.3.8/lib/action_controller/dispatcher.rb:108:in `call'
/Library/Ruby/Gems/1.8/gems/rails-2.3.8/lib/rails/rack/static.rb:31:in `call'
/Library/Ruby/Gems/1.8/gems/rack-1.1.0/lib/rack/urlmap.rb:47:in `call'
/Library/Ruby/Gems/1.8/gems/rack-1.1.0/lib/rack/urlmap.rb:41:in `each'
/Library/Ruby/Gems/1.8/gems/rack-1.1.0/lib/rack/urlmap.rb:41:in `call'
/Library/Ruby/Gems/1.8/gems/rails-2.3.8/lib/rails/rack/log_tailer.rb:17:in `call'
/Library/Ruby/Gems/1.8/gems/rack-1.1.0/lib/rack/content_length.rb:13:in `call'
/Library/Ruby/Gems/1.8/gems/rack-1.1.0/lib/rack/chunked.rb:15:in `call'
/Library/Ruby/Gems/1.8/gems/rack-1.1.0/lib/rack/handler/mongrel.rb:67:in `process'
/System/Library/Frameworks/Ruby.framework/Versions/1.8/usr/lib/ruby/gems/1.8/gems/mongrel-1.1.5/lib/mongrel.rb:159:in `process_client'
/System/Library/Frameworks/Ruby.framework/Versions/1.8/usr/lib/ruby/gems/1.8/gems/mongrel-1.1.5/lib/mongrel.rb:158:in `each'
/System/Library/Frameworks/Ruby.framework/Versions/1.8/usr/lib/ruby/gems/1.8/gems/mongrel-1.1.5/lib/mongrel.rb:158:in `process_client'
/System/Library/Frameworks/Ruby.framework/Versions/1.8/usr/lib/ruby/gems/1.8/gems/mongrel-1.1.5/lib/mongrel.rb:285:in `run'
/System/Library/Frameworks/Ruby.framework/Versions/1.8/usr/lib/ruby/gems/1.8/gems/mongrel-1.1.5/lib/mongrel.rb:285:in `initialize'
/System/Library/Frameworks/Ruby.framework/Versions/1.8/usr/lib/ruby/gems/1.8/gems/mongrel-1.1.5/lib/mongrel.rb:285:in `new'
/System/Library/Frameworks/Ruby.framework/Versions/1.8/usr/lib/ruby/gems/1.8/gems/mongrel-1.1.5/lib/mongrel.rb:285:in `run'
/System/Library/Frameworks/Ruby.framework/Versions/1.8/usr/lib/ruby/gems/1.8/gems/mongrel-1.1.5/lib/mongrel.rb:268:in `initialize'
/System/Library/Frameworks/Ruby.framework/Versions/1.8/usr/lib/ruby/gems/1.8/gems/mongrel-1.1.5/lib/mongrel.rb:268:in `new'
/System/Library/Frameworks/Ruby.framework/Versions/1.8/usr/lib/ruby/gems/1.8/gems/mongrel-1.1.5/lib/mongrel.rb:268:in `run'
/Library/Ruby/Gems/1.8/gems/rack-1.1.0/lib/rack/handler/mongrel.rb:38:in `run'
/Library/Ruby/Gems/1.8/gems/rails-2.3.8/lib/commands/server.rb:111
/Library/Ruby/Site/1.8/rubygems/custom_require.rb:31:in `gem_original_require'
/Library/Ruby/Site/1.8/rubygems/custom_require.rb:31:in `require'
script/server:3

ActionView::TemplateError (compile error
/Users/venkats/agility/svnuh/u10_ror/venkat/code/06222010/grads/app/views/graduate_advisors/disp.html.erb:9: syntax error, unexpected kENSURE, expecting $end) on line #9 of app/views/graduate_advisors/disp.html.erb:
6:     <%= f.text_field @year %>
7:   </p>
8: <% end %>

    app/views/graduate_advisors/disp.html.erb:9:in `compile!'

Rendered rescues/_trace (37.6ms)
Rendered rescues/_request_and_response (0.3ms)
Rendering rescues/layout (internal_server_error)


Processing GraduateAdvisorsController#disp (for 127.0.0.1 at 2010-06-22 18:51:16) [GET]
  Parameters: {"id"=>"2009"}
Rendering graduate_advisors/disp

ActionView::TemplateError (Called id for nil, which would mistakenly be 4 -- if you really wanted the id of nil, use object_id) on line #3 of app/views/graduate_advisors/disp.html.erb:
1: Students who graduate in a given year:
2: <p>
3: <% form_for([@year]) do |f| %>
4:   <p>
5:     <%= f.label :year %><br />
6:     <%= f.text_field @year %>

    app/views/graduate_advisors/disp.html.erb:3

Rendered rescues/_trace (34.2ms)
Rendered rescues/_request_and_response (0.3ms)
Rendering rescues/layout (internal_server_error)


Processing GraduateAdvisorsController#disp (for 127.0.0.1 at 2010-06-22 18:54:57) [GET]
  Parameters: {"id"=>"2009"}
Rendering graduate_advisors/disp
ERROR: compiling _run_erb_app47views47graduate_advisors47disp46html46erb RAISED compile error
/Users/venkats/agility/svnuh/u10_ror/venkat/code/06222010/grads/app/views/graduate_advisors/disp.html.erb:6: syntax error, unexpected tIDENTIFIER, expecting ')'
...xt_field_tag name="year" value=@year ).to_s); @output_buffer...
                              ^
Function body:           def _run_erb_app47views47graduate_advisors47disp46html46erb(local_assigns)
            old_output_buffer = output_buffer;;@output_buffer = '';  __in_erb_template=true ; @output_buffer.concat "Students who graduate in a given year:\n<p>\n"

;  form_tag do |f| ; @output_buffer.concat "\n  <p>\n    year\n    "


; @output_buffer.concat(( text_field_tag name="year" value=@year ).to_s); @output_buffer.concat "\n  </p>\n"

;  end ; @output_buffer
          ensure
            self.output_buffer = old_output_buffer
          end
Backtrace: /Users/venkats/agility/svnuh/u10_ror/venkat/code/06222010/grads/app/views/graduate_advisors/disp.html.erb:11:in `compile!'
/Library/Ruby/Gems/1.8/gems/actionpack-2.3.8/lib/action_view/renderable.rb:61:in `compile'
/Library/Ruby/Gems/1.8/gems/actionpack-2.3.8/lib/action_view/renderable.rb:28:in `render'
/Library/Ruby/Gems/1.8/gems/actionpack-2.3.8/lib/action_view/template.rb:205:in `render_template'
/Library/Ruby/Gems/1.8/gems/actionpack-2.3.8/lib/action_view/base.rb:265:in `render'
/Library/Ruby/Gems/1.8/gems/actionpack-2.3.8/lib/action_controller/base.rb:1250:in `render_for_file'
/Library/Ruby/Gems/1.8/gems/actionpack-2.3.8/lib/action_controller/base.rb:936:in `render_without_benchmark'
/Library/Ruby/Gems/1.8/gems/actionpack-2.3.8/lib/action_controller/benchmarking.rb:51:in `render'
/Library/Ruby/Gems/1.8/gems/activesupport-2.3.8/lib/active_support/core_ext/benchmark.rb:17:in `ms'
/System/Library/Frameworks/Ruby.framework/Versions/1.8/usr/lib/ruby/1.8/benchmark.rb:308:in `realtime'
/Library/Ruby/Gems/1.8/gems/activesupport-2.3.8/lib/active_support/core_ext/benchmark.rb:17:in `ms'
/Library/Ruby/Gems/1.8/gems/actionpack-2.3.8/lib/action_controller/benchmarking.rb:51:in `render'
/Library/Ruby/Gems/1.8/gems/actionpack-2.3.8/lib/action_controller/base.rb:1326:in `default_render'
/Library/Ruby/Gems/1.8/gems/actionpack-2.3.8/lib/action_controller/base.rb:1332:in `perform_action_without_filters'
/Library/Ruby/Gems/1.8/gems/actionpack-2.3.8/lib/action_controller/filters.rb:617:in `call_filters'
/Library/Ruby/Gems/1.8/gems/actionpack-2.3.8/lib/action_controller/filters.rb:610:in `perform_action_without_benchmark'
/Library/Ruby/Gems/1.8/gems/actionpack-2.3.8/lib/action_controller/benchmarking.rb:68:in `perform_action_without_rescue'
/Library/Ruby/Gems/1.8/gems/activesupport-2.3.8/lib/active_support/core_ext/benchmark.rb:17:in `ms'
/System/Library/Frameworks/Ruby.framework/Versions/1.8/usr/lib/ruby/1.8/benchmark.rb:308:in `realtime'
/Library/Ruby/Gems/1.8/gems/activesupport-2.3.8/lib/active_support/core_ext/benchmark.rb:17:in `ms'
/Library/Ruby/Gems/1.8/gems/actionpack-2.3.8/lib/action_controller/benchmarking.rb:68:in `perform_action_without_rescue'
/Library/Ruby/Gems/1.8/gems/actionpack-2.3.8/lib/action_controller/rescue.rb:160:in `perform_action_without_flash'
/Library/Ruby/Gems/1.8/gems/actionpack-2.3.8/lib/action_controller/flash.rb:151:in `perform_action'
/Library/Ruby/Gems/1.8/gems/actionpack-2.3.8/lib/action_controller/base.rb:532:in `send'
/Library/Ruby/Gems/1.8/gems/actionpack-2.3.8/lib/action_controller/base.rb:532:in `process_without_filters'
/Library/Ruby/Gems/1.8/gems/actionpack-2.3.8/lib/action_controller/filters.rb:606:in `process'
/Library/Ruby/Gems/1.8/gems/actionpack-2.3.8/lib/action_controller/base.rb:391:in `process'
/Library/Ruby/Gems/1.8/gems/actionpack-2.3.8/lib/action_controller/base.rb:386:in `call'
/Library/Ruby/Gems/1.8/gems/actionpack-2.3.8/lib/action_controller/routing/route_set.rb:438:in `call'
/Library/Ruby/Gems/1.8/gems/actionpack-2.3.8/lib/action_controller/dispatcher.rb:87:in `dispatch'
/Library/Ruby/Gems/1.8/gems/actionpack-2.3.8/lib/action_controller/dispatcher.rb:121:in `_call'
/Library/Ruby/Gems/1.8/gems/actionpack-2.3.8/lib/action_controller/dispatcher.rb:130:in `build_middleware_stack'
/Library/Ruby/Gems/1.8/gems/activerecord-2.3.8/lib/active_record/query_cache.rb:29:in `call'
/Library/Ruby/Gems/1.8/gems/activerecord-2.3.8/lib/active_record/query_cache.rb:29:in `call'
/Library/Ruby/Gems/1.8/gems/activerecord-2.3.8/lib/active_record/connection_adapters/abstract/query_cache.rb:34:in `cache'
/Library/Ruby/Gems/1.8/gems/activerecord-2.3.8/lib/active_record/query_cache.rb:9:in `cache'
/Library/Ruby/Gems/1.8/gems/activerecord-2.3.8/lib/active_record/query_cache.rb:28:in `call'
/Library/Ruby/Gems/1.8/gems/activerecord-2.3.8/lib/active_record/connection_adapters/abstract/connection_pool.rb:361:in `call'
/Library/Ruby/Gems/1.8/gems/actionpack-2.3.8/lib/action_controller/string_coercion.rb:25:in `call'
/Library/Ruby/Gems/1.8/gems/rack-1.1.0/lib/rack/head.rb:9:in `call'
/Library/Ruby/Gems/1.8/gems/rack-1.1.0/lib/rack/methodoverride.rb:24:in `call'
/Library/Ruby/Gems/1.8/gems/actionpack-2.3.8/lib/action_controller/params_parser.rb:15:in `call'
/Library/Ruby/Gems/1.8/gems/actionpack-2.3.8/lib/action_controller/session/cookie_store.rb:99:in `call'
/Library/Ruby/Gems/1.8/gems/actionpack-2.3.8/lib/action_controller/failsafe.rb:26:in `call'
/Library/Ruby/Gems/1.8/gems/rack-1.1.0/lib/rack/lock.rb:11:in `call'
/Library/Ruby/Gems/1.8/gems/rack-1.1.0/lib/rack/lock.rb:11:in `synchronize'
/Library/Ruby/Gems/1.8/gems/rack-1.1.0/lib/rack/lock.rb:11:in `call'
/Library/Ruby/Gems/1.8/gems/actionpack-2.3.8/lib/action_controller/dispatcher.rb:114:in `call'
/Library/Ruby/Gems/1.8/gems/actionpack-2.3.8/lib/action_controller/reloader.rb:34:in `run'
/Library/Ruby/Gems/1.8/gems/actionpack-2.3.8/lib/action_controller/dispatcher.rb:108:in `call'
/Library/Ruby/Gems/1.8/gems/rails-2.3.8/lib/rails/rack/static.rb:31:in `call'
/Library/Ruby/Gems/1.8/gems/rack-1.1.0/lib/rack/urlmap.rb:47:in `call'
/Library/Ruby/Gems/1.8/gems/rack-1.1.0/lib/rack/urlmap.rb:41:in `each'
/Library/Ruby/Gems/1.8/gems/rack-1.1.0/lib/rack/urlmap.rb:41:in `call'
/Library/Ruby/Gems/1.8/gems/rails-2.3.8/lib/rails/rack/log_tailer.rb:17:in `call'
/Library/Ruby/Gems/1.8/gems/rack-1.1.0/lib/rack/content_length.rb:13:in `call'
/Library/Ruby/Gems/1.8/gems/rack-1.1.0/lib/rack/chunked.rb:15:in `call'
/Library/Ruby/Gems/1.8/gems/rack-1.1.0/lib/rack/handler/mongrel.rb:67:in `process'
/System/Library/Frameworks/Ruby.framework/Versions/1.8/usr/lib/ruby/gems/1.8/gems/mongrel-1.1.5/lib/mongrel.rb:159:in `process_client'
/System/Library/Frameworks/Ruby.framework/Versions/1.8/usr/lib/ruby/gems/1.8/gems/mongrel-1.1.5/lib/mongrel.rb:158:in `each'
/System/Library/Frameworks/Ruby.framework/Versions/1.8/usr/lib/ruby/gems/1.8/gems/mongrel-1.1.5/lib/mongrel.rb:158:in `process_client'
/System/Library/Frameworks/Ruby.framework/Versions/1.8/usr/lib/ruby/gems/1.8/gems/mongrel-1.1.5/lib/mongrel.rb:285:in `run'
/System/Library/Frameworks/Ruby.framework/Versions/1.8/usr/lib/ruby/gems/1.8/gems/mongrel-1.1.5/lib/mongrel.rb:285:in `initialize'
/System/Library/Frameworks/Ruby.framework/Versions/1.8/usr/lib/ruby/gems/1.8/gems/mongrel-1.1.5/lib/mongrel.rb:285:in `new'
/System/Library/Frameworks/Ruby.framework/Versions/1.8/usr/lib/ruby/gems/1.8/gems/mongrel-1.1.5/lib/mongrel.rb:285:in `run'
/System/Library/Frameworks/Ruby.framework/Versions/1.8/usr/lib/ruby/gems/1.8/gems/mongrel-1.1.5/lib/mongrel.rb:268:in `initialize'
/System/Library/Frameworks/Ruby.framework/Versions/1.8/usr/lib/ruby/gems/1.8/gems/mongrel-1.1.5/lib/mongrel.rb:268:in `new'
/System/Library/Frameworks/Ruby.framework/Versions/1.8/usr/lib/ruby/gems/1.8/gems/mongrel-1.1.5/lib/mongrel.rb:268:in `run'
/Library/Ruby/Gems/1.8/gems/rack-1.1.0/lib/rack/handler/mongrel.rb:38:in `run'
/Library/Ruby/Gems/1.8/gems/rails-2.3.8/lib/commands/server.rb:111
/Library/Ruby/Site/1.8/rubygems/custom_require.rb:31:in `gem_original_require'
/Library/Ruby/Site/1.8/rubygems/custom_require.rb:31:in `require'
script/server:3

ActionView::TemplateError (compile error
/Users/venkats/agility/svnuh/u10_ror/venkat/code/06222010/grads/app/views/graduate_advisors/disp.html.erb:6: syntax error, unexpected tIDENTIFIER, expecting ')'
...xt_field_tag name="year" value=@year ).to_s); @output_buffer...
                              ^) on line #6 of app/views/graduate_advisors/disp.html.erb:
3: <% form_tag do |f| %>
4:   <p>
5:     year
6:     <%= text_field_tag name="year" value=@year %>
7:   </p>
8: <% end %>

    app/views/graduate_advisors/disp.html.erb:11:in `compile!'

Rendered rescues/_trace (114.9ms)
Rendered rescues/_request_and_response (0.2ms)
Rendering rescues/layout (internal_server_error)


Processing GraduateAdvisorsController#disp (for 127.0.0.1 at 2010-06-22 18:55:36) [GET]
  Parameters: {"id"=>"2009"}
Rendering graduate_advisors/disp
ERROR: compiling _run_erb_app47views47graduate_advisors47disp46html46erb RAISED compile error
/Users/venkats/agility/svnuh/u10_ror/venkat/code/06222010/grads/app/views/graduate_advisors/disp.html.erb:6: syntax error, unexpected tIDENTIFIER, expecting ')'
...xt_field_tag name="year" value="#{@year}" ).to_s); @output_b...
                              ^
Function body:           def _run_erb_app47views47graduate_advisors47disp46html46erb(local_assigns)
            old_output_buffer = output_buffer;;@output_buffer = '';  __in_erb_template=true ; @output_buffer.concat "Students who graduate in a given year:\n<p>\n"

;  form_tag do |f| ; @output_buffer.concat "\n  <p>\n    year\n    "


; @output_buffer.concat(( text_field_tag name="year" value="#{@year}" ).to_s); @output_buffer.concat "\n  </p>\n"

;  end ; @output_buffer
          ensure
            self.output_buffer = old_output_buffer
          end
Backtrace: /Users/venkats/agility/svnuh/u10_ror/venkat/code/06222010/grads/app/views/graduate_advisors/disp.html.erb:11:in `compile!'
/Library/Ruby/Gems/1.8/gems/actionpack-2.3.8/lib/action_view/renderable.rb:61:in `compile'
/Library/Ruby/Gems/1.8/gems/actionpack-2.3.8/lib/action_view/renderable.rb:28:in `render'
/Library/Ruby/Gems/1.8/gems/actionpack-2.3.8/lib/action_view/template.rb:205:in `render_template'
/Library/Ruby/Gems/1.8/gems/actionpack-2.3.8/lib/action_view/base.rb:265:in `render'
/Library/Ruby/Gems/1.8/gems/actionpack-2.3.8/lib/action_controller/base.rb:1250:in `render_for_file'
/Library/Ruby/Gems/1.8/gems/actionpack-2.3.8/lib/action_controller/base.rb:936:in `render_without_benchmark'
/Library/Ruby/Gems/1.8/gems/actionpack-2.3.8/lib/action_controller/benchmarking.rb:51:in `render'
/Library/Ruby/Gems/1.8/gems/activesupport-2.3.8/lib/active_support/core_ext/benchmark.rb:17:in `ms'
/System/Library/Frameworks/Ruby.framework/Versions/1.8/usr/lib/ruby/1.8/benchmark.rb:308:in `realtime'
/Library/Ruby/Gems/1.8/gems/activesupport-2.3.8/lib/active_support/core_ext/benchmark.rb:17:in `ms'
/Library/Ruby/Gems/1.8/gems/actionpack-2.3.8/lib/action_controller/benchmarking.rb:51:in `render'
/Library/Ruby/Gems/1.8/gems/actionpack-2.3.8/lib/action_controller/base.rb:1326:in `default_render'
/Library/Ruby/Gems/1.8/gems/actionpack-2.3.8/lib/action_controller/base.rb:1332:in `perform_action_without_filters'
/Library/Ruby/Gems/1.8/gems/actionpack-2.3.8/lib/action_controller/filters.rb:617:in `call_filters'
/Library/Ruby/Gems/1.8/gems/actionpack-2.3.8/lib/action_controller/filters.rb:610:in `perform_action_without_benchmark'
/Library/Ruby/Gems/1.8/gems/actionpack-2.3.8/lib/action_controller/benchmarking.rb:68:in `perform_action_without_rescue'
/Library/Ruby/Gems/1.8/gems/activesupport-2.3.8/lib/active_support/core_ext/benchmark.rb:17:in `ms'
/System/Library/Frameworks/Ruby.framework/Versions/1.8/usr/lib/ruby/1.8/benchmark.rb:308:in `realtime'
/Library/Ruby/Gems/1.8/gems/activesupport-2.3.8/lib/active_support/core_ext/benchmark.rb:17:in `ms'
/Library/Ruby/Gems/1.8/gems/actionpack-2.3.8/lib/action_controller/benchmarking.rb:68:in `perform_action_without_rescue'
/Library/Ruby/Gems/1.8/gems/actionpack-2.3.8/lib/action_controller/rescue.rb:160:in `perform_action_without_flash'
/Library/Ruby/Gems/1.8/gems/actionpack-2.3.8/lib/action_controller/flash.rb:151:in `perform_action'
/Library/Ruby/Gems/1.8/gems/actionpack-2.3.8/lib/action_controller/base.rb:532:in `send'
/Library/Ruby/Gems/1.8/gems/actionpack-2.3.8/lib/action_controller/base.rb:532:in `process_without_filters'
/Library/Ruby/Gems/1.8/gems/actionpack-2.3.8/lib/action_controller/filters.rb:606:in `process'
/Library/Ruby/Gems/1.8/gems/actionpack-2.3.8/lib/action_controller/base.rb:391:in `process'
/Library/Ruby/Gems/1.8/gems/actionpack-2.3.8/lib/action_controller/base.rb:386:in `call'
/Library/Ruby/Gems/1.8/gems/actionpack-2.3.8/lib/action_controller/routing/route_set.rb:438:in `call'
/Library/Ruby/Gems/1.8/gems/actionpack-2.3.8/lib/action_controller/dispatcher.rb:87:in `dispatch'
/Library/Ruby/Gems/1.8/gems/actionpack-2.3.8/lib/action_controller/dispatcher.rb:121:in `_call'
/Library/Ruby/Gems/1.8/gems/actionpack-2.3.8/lib/action_controller/dispatcher.rb:130:in `build_middleware_stack'
/Library/Ruby/Gems/1.8/gems/activerecord-2.3.8/lib/active_record/query_cache.rb:29:in `call'
/Library/Ruby/Gems/1.8/gems/activerecord-2.3.8/lib/active_record/query_cache.rb:29:in `call'
/Library/Ruby/Gems/1.8/gems/activerecord-2.3.8/lib/active_record/connection_adapters/abstract/query_cache.rb:34:in `cache'
/Library/Ruby/Gems/1.8/gems/activerecord-2.3.8/lib/active_record/query_cache.rb:9:in `cache'
/Library/Ruby/Gems/1.8/gems/activerecord-2.3.8/lib/active_record/query_cache.rb:28:in `call'
/Library/Ruby/Gems/1.8/gems/activerecord-2.3.8/lib/active_record/connection_adapters/abstract/connection_pool.rb:361:in `call'
/Library/Ruby/Gems/1.8/gems/actionpack-2.3.8/lib/action_controller/string_coercion.rb:25:in `call'
/Library/Ruby/Gems/1.8/gems/rack-1.1.0/lib/rack/head.rb:9:in `call'
/Library/Ruby/Gems/1.8/gems/rack-1.1.0/lib/rack/methodoverride.rb:24:in `call'
/Library/Ruby/Gems/1.8/gems/actionpack-2.3.8/lib/action_controller/params_parser.rb:15:in `call'
/Library/Ruby/Gems/1.8/gems/actionpack-2.3.8/lib/action_controller/session/cookie_store.rb:99:in `call'
/Library/Ruby/Gems/1.8/gems/actionpack-2.3.8/lib/action_controller/failsafe.rb:26:in `call'
/Library/Ruby/Gems/1.8/gems/rack-1.1.0/lib/rack/lock.rb:11:in `call'
/Library/Ruby/Gems/1.8/gems/rack-1.1.0/lib/rack/lock.rb:11:in `synchronize'
/Library/Ruby/Gems/1.8/gems/rack-1.1.0/lib/rack/lock.rb:11:in `call'
/Library/Ruby/Gems/1.8/gems/actionpack-2.3.8/lib/action_controller/dispatcher.rb:114:in `call'
/Library/Ruby/Gems/1.8/gems/actionpack-2.3.8/lib/action_controller/reloader.rb:34:in `run'
/Library/Ruby/Gems/1.8/gems/actionpack-2.3.8/lib/action_controller/dispatcher.rb:108:in `call'
/Library/Ruby/Gems/1.8/gems/rails-2.3.8/lib/rails/rack/static.rb:31:in `call'
/Library/Ruby/Gems/1.8/gems/rack-1.1.0/lib/rack/urlmap.rb:47:in `call'
/Library/Ruby/Gems/1.8/gems/rack-1.1.0/lib/rack/urlmap.rb:41:in `each'
/Library/Ruby/Gems/1.8/gems/rack-1.1.0/lib/rack/urlmap.rb:41:in `call'
/Library/Ruby/Gems/1.8/gems/rails-2.3.8/lib/rails/rack/log_tailer.rb:17:in `call'
/Library/Ruby/Gems/1.8/gems/rack-1.1.0/lib/rack/content_length.rb:13:in `call'
/Library/Ruby/Gems/1.8/gems/rack-1.1.0/lib/rack/chunked.rb:15:in `call'
/Library/Ruby/Gems/1.8/gems/rack-1.1.0/lib/rack/handler/mongrel.rb:67:in `process'
/System/Library/Frameworks/Ruby.framework/Versions/1.8/usr/lib/ruby/gems/1.8/gems/mongrel-1.1.5/lib/mongrel.rb:159:in `process_client'
/System/Library/Frameworks/Ruby.framework/Versions/1.8/usr/lib/ruby/gems/1.8/gems/mongrel-1.1.5/lib/mongrel.rb:158:in `each'
/System/Library/Frameworks/Ruby.framework/Versions/1.8/usr/lib/ruby/gems/1.8/gems/mongrel-1.1.5/lib/mongrel.rb:158:in `process_client'
/System/Library/Frameworks/Ruby.framework/Versions/1.8/usr/lib/ruby/gems/1.8/gems/mongrel-1.1.5/lib/mongrel.rb:285:in `run'
/System/Library/Frameworks/Ruby.framework/Versions/1.8/usr/lib/ruby/gems/1.8/gems/mongrel-1.1.5/lib/mongrel.rb:285:in `initialize'
/System/Library/Frameworks/Ruby.framework/Versions/1.8/usr/lib/ruby/gems/1.8/gems/mongrel-1.1.5/lib/mongrel.rb:285:in `new'
/System/Library/Frameworks/Ruby.framework/Versions/1.8/usr/lib/ruby/gems/1.8/gems/mongrel-1.1.5/lib/mongrel.rb:285:in `run'
/System/Library/Frameworks/Ruby.framework/Versions/1.8/usr/lib/ruby/gems/1.8/gems/mongrel-1.1.5/lib/mongrel.rb:268:in `initialize'
/System/Library/Frameworks/Ruby.framework/Versions/1.8/usr/lib/ruby/gems/1.8/gems/mongrel-1.1.5/lib/mongrel.rb:268:in `new'
/System/Library/Frameworks/Ruby.framework/Versions/1.8/usr/lib/ruby/gems/1.8/gems/mongrel-1.1.5/lib/mongrel.rb:268:in `run'
/Library/Ruby/Gems/1.8/gems/rack-1.1.0/lib/rack/handler/mongrel.rb:38:in `run'
/Library/Ruby/Gems/1.8/gems/rails-2.3.8/lib/commands/server.rb:111
/Library/Ruby/Site/1.8/rubygems/custom_require.rb:31:in `gem_original_require'
/Library/Ruby/Site/1.8/rubygems/custom_require.rb:31:in `require'
script/server:3

ActionView::TemplateError (compile error
/Users/venkats/agility/svnuh/u10_ror/venkat/code/06222010/grads/app/views/graduate_advisors/disp.html.erb:6: syntax error, unexpected tIDENTIFIER, expecting ')'
...xt_field_tag name="year" value="#{@year}" ).to_s); @output_b...
                              ^) on line #6 of app/views/graduate_advisors/disp.html.erb:
3: <% form_tag do |f| %>
4:   <p>
5:     year
6:     <%= text_field_tag name="year" value="#{@year}" %>
7:   </p>
8: <% end %>

    app/views/graduate_advisors/disp.html.erb:11:in `compile!'

Rendered rescues/_trace (33.3ms)
Rendered rescues/_request_and_response (0.3ms)
Rendering rescues/layout (internal_server_error)


Processing GraduateAdvisorsController#disp (for 127.0.0.1 at 2010-06-22 18:55:49) [GET]
  Parameters: {"id"=>"2009"}
Rendering graduate_advisors/disp
Completed in 7ms (View: 6, DB: 0) | 200 OK [http://localhost/graduate_advisors/disp/2009]


Processing GraduateAdvisorsController#disp (for 127.0.0.1 at 2010-06-22 18:56:42) [GET]
  Parameters: {"id"=>"2009"}
Rendering graduate_advisors/disp
Completed in 6ms (View: 4, DB: 0) | 200 OK [http://localhost/graduate_advisors/disp/2009]


Processing GraduateAdvisorsController#disp (for 127.0.0.1 at 2010-06-22 18:57:08) [GET]
  Parameters: {"id"=>"2009"}
Rendering graduate_advisors/disp
Completed in 4ms (View: 2, DB: 0) | 200 OK [http://localhost/graduate_advisors/disp/2009]


Processing GraduateAdvisorsController#disp (for 127.0.0.1 at 2010-06-22 18:57:55) [GET]
  Parameters: {"id"=>"2009"}

NoMethodError (undefined method `year' for #<GraduateAdvisorsController:0x10412b5b0>):
  app/controllers/graduate_advisors_controller.rb:3:in `disp'

Rendered rescues/_trace (107.6ms)
Rendered rescues/_request_and_response (0.3ms)
Rendering rescues/layout (internal_server_error)


Processing GraduateAdvisorsController#disp (for 127.0.0.1 at 2010-06-22 18:58:09) [GET]
  Parameters: {"id"=>"2009"}
Rendering graduate_advisors/disp
Completed in 8ms (View: 6, DB: 0) | 200 OK [http://localhost/graduate_advisors/disp/2009]


Processing GraduateAdvisorsController#disp (for 127.0.0.1 at 2010-06-22 18:58:50) [GET]
  Parameters: {"id"=>"2009"}
Rendering graduate_advisors/disp
Completed in 5ms (View: 3, DB: 0) | 200 OK [http://localhost/graduate_advisors/disp/2009]


Processing GraduateAdvisorsController#disp (for 127.0.0.1 at 2010-06-22 18:59:03) [POST]
  Parameters: {"commit"=>"List", "authenticity_token"=>"FJ7UiAFAcfNVv+AtSBCEghf60RYBQQ/xwAVnHUF/ykI=", "id"=>"2009", "year"=>"2010"}
Rendering graduate_advisors/disp
Completed in 3ms (View: 2, DB: 0) | 200 OK [http://localhost/graduate_advisors/disp/2009]
  [4;36;1mSQL (0.1ms)[0m   [0;1m SELECT name
 FROM sqlite_master
 WHERE type = 'table' AND NOT name = 'sqlite_sequence'
[0m
  [4;35;1mGraduate Load (0.2ms)[0m   [0mSELECT * FROM "graduates" WHERE ("graduates"."year_of_graduation" = 2009) LIMIT 1[0m


Processing GraduateAdvisorsController#disp (for 127.0.0.1 at 2010-06-22 19:04:11) [GET]
  Parameters: {"id"=>"2009"}
  [4;35;1mGraduate Load (0.3ms)[0m   [0mSELECT * FROM "graduates" WHERE ("graduates"."year_of_graduation" = 2009) LIMIT 1[0m
Rendering graduate_advisors/disp

ActionView::TemplateError (undefined method `each' for #<Graduate:0x10424a9c8>) on line #17 of app/views/graduate_advisors/disp.html.erb:
14: 	<td>Last Name</td>
15: 	<td>Degree</td>
16: </th>
17: <% @graduates.each do |graduate| %>
18: <tr>
19: 	<td>graduate.first_name</td>
20: 	<td>graduate.last_name</td>

    app/views/graduate_advisors/disp.html.erb:17

Rendered rescues/_trace (101.3ms)
Rendered rescues/_request_and_response (0.3ms)
Rendering rescues/layout (internal_server_error)
  [4;36;1mGraduate Load (0.1ms)[0m   [0;1mSELECT * FROM "graduates" WHERE ("graduates"."year_of_graduation" = 2009) LIMIT 1[0m
  [4;35;1mGraduate Load (0.4ms)[0m   [0mSELECT * FROM "graduates" WHERE ("graduates"."year_of_graduation" = 2009) [0m


Processing GraduatesController#index (for 127.0.0.1 at 2010-06-22 19:05:03) [GET]
  [4;36;1mGraduate Load (0.5ms)[0m   [0;1mSELECT * FROM "graduates" [0m
Rendering template within layouts/graduates
Rendering graduates/index
Completed in 24ms (View: 19, DB: 1) | 200 OK [http://localhost/graduates]


Processing GraduateAdvisorsController#disp (for 127.0.0.1 at 2010-06-22 19:05:15) [GET]
  Parameters: {"id"=>"2009"}
  [4;35;1mGraduate Load (0.2ms)[0m   [0mSELECT * FROM "graduates" WHERE ("graduates"."year_of_graduation" = 2009) [0m
Rendering graduate_advisors/disp
Completed in 9ms (View: 2, DB: 0) | 200 OK [http://localhost/graduate_advisors/disp/2009]


Processing GraduateAdvisorsController#disp (for 127.0.0.1 at 2010-06-22 19:05:47) [GET]
  Parameters: {"id"=>"2009"}
  [4;36;1mGraduate Load (0.2ms)[0m   [0;1mSELECT * FROM "graduates" WHERE ("graduates"."year_of_graduation" = 2009) [0m
Rendering graduate_advisors/disp
  [4;35;1mDegree Load (0.1ms)[0m   [0mSELECT * FROM "degrees" WHERE ("degrees"."id" = 1) [0m

ActionView::TemplateError (undefined method `name' for nil:NilClass) on line #21 of app/views/graduate_advisors/disp.html.erb:
18: <tr>
19: 	<td><%= graduate.first_name %></td>
20: 	<td><%= graduate.last_name %></td>
21: 	<td><%= graduate.degree.name %></td>
22: </tr>
23: <% end %>
24: </table>

    app/views/graduate_advisors/disp.html.erb:21
    app/views/graduate_advisors/disp.html.erb:17:in `each'
    app/views/graduate_advisors/disp.html.erb:17

Rendered rescues/_trace (95.3ms)
Rendered rescues/_request_and_response (0.3ms)
Rendering rescues/layout (internal_server_error)
  [4;36;1mGraduate Load (0.1ms)[0m   [0;1mSELECT * FROM "graduates" WHERE ("graduates"."id" = 1) [0m
  [4;35;1mDegree Load (0.1ms)[0m   [0mSELECT * FROM "degrees" WHERE ("degrees"."id" = 1) [0m
  [4;36;1mGraduate Load (0.1ms)[0m   [0;1mSELECT * FROM "graduates" WHERE ("graduates"."id" = 1) [0m
  [4;35;1mDegree Load (0.1ms)[0m   [0mSELECT * FROM "degrees" WHERE ("degrees"."id" = 1) [0m


Processing GraduateAdvisorsController#disp (for 127.0.0.1 at 2010-06-22 19:11:22) [GET]
  Parameters: {"id"=>"2009"}
  [4;36;1mGraduate Load (0.2ms)[0m   [0;1mSELECT * FROM "graduates" WHERE ("graduates"."year_of_graduation" = 2009) [0m
Rendering graduate_advisors/disp

ActionView::TemplateError (undefined method `degree' for #<Graduate:0x1043c7648>) on line #21 of app/views/graduate_advisors/disp.html.erb:
18: <tr>
19: 	<td><%= graduate.first_name %></td>
20: 	<td><%= graduate.last_name %></td>
21: 	<td><%= graduate.degree.name %></td>
22: </tr>
23: <% end %>
24: </table>

    app/views/graduate_advisors/disp.html.erb:21
    app/views/graduate_advisors/disp.html.erb:17:in `each'
    app/views/graduate_advisors/disp.html.erb:17

Rendered rescues/_trace (36.1ms)
Rendered rescues/_request_and_response (1.0ms)
Rendering rescues/layout (internal_server_error)
  [4;36;1mGraduate Load (0.1ms)[0m   [0;1mSELECT * FROM "graduates" WHERE ("graduates"."id" = 1) [0m
  [4;36;1mSQL (0.1ms)[0m   [0;1mselect sqlite_version(*)[0m
  [4;35;1mSQL (0.1ms)[0m   [0m SELECT name
 FROM sqlite_master
 WHERE type = 'table' AND NOT name = 'sqlite_sequence'
[0m
  [4;36;1mSQL (43.8ms)[0m   [0;1mCREATE TABLE "degrees" ("id" INTEGER PRIMARY KEY AUTOINCREMENT NOT NULL, "title" varchar(255), "name" varchar(255), "years" integer, "created_at" datetime, "updated_at" datetime) [0m
  [4;35;1mSQL (0.2ms)[0m   [0m SELECT name
 FROM sqlite_master
 WHERE type = 'table' AND NOT name = 'sqlite_sequence'
[0m
  [4;36;1mSQL (2.9ms)[0m   [0;1mCREATE TABLE "graduates" ("id" INTEGER PRIMARY KEY AUTOINCREMENT NOT NULL, "first_name" varchar(255), "last_name" varchar(255), "degree_id" integer, "year_of_graduation" integer, "created_at" datetime, "updated_at" datetime) [0m
  [4;35;1mSQL (0.2ms)[0m   [0m SELECT name
 FROM sqlite_master
 WHERE type = 'table' AND NOT name = 'sqlite_sequence'
[0m
  [4;36;1mSQL (3.6ms)[0m   [0;1mCREATE TABLE "schema_migrations" ("version" varchar(255) NOT NULL) [0m
  [4;35;1mSQL (0.1ms)[0m   [0mPRAGMA index_list("schema_migrations")[0m
  [4;36;1mSQL (4.5ms)[0m   [0;1mCREATE UNIQUE INDEX "unique_schema_migrations" ON "schema_migrations" ("version")[0m
  [4;35;1mSQL (0.3ms)[0m   [0m SELECT name
 FROM sqlite_master
 WHERE type = 'table' AND NOT name = 'sqlite_sequence'
[0m
  [4;36;1mSQL (0.1ms)[0m   [0;1mSELECT version FROM "schema_migrations"[0m
  [4;35;1mSQL (3.6ms)[0m   [0mINSERT INTO "schema_migrations" (version) VALUES ('20100622231221')[0m
  [4;36;1mSQL (5.5ms)[0m   [0;1mINSERT INTO "schema_migrations" (version) VALUES ('20100622230831')[0m
  [4;36;1mGraduate Load (0.1ms)[0m   [0;1mSELECT * FROM "graduates" WHERE ("graduates"."id" = 1) [0m
  [4;36;1mGraduate Load (0.1ms)[0m   [0;1mSELECT * FROM "graduates" WHERE ("graduates"."id" = 1) [0m
  [4;36;1mSQL (0.3ms)[0m   [0;1m SELECT name
 FROM sqlite_master
 WHERE type = 'table' AND NOT name = 'sqlite_sequence'
[0m
  [4;35;1mSQL (0.1ms)[0m   [0mSELECT version FROM schema_migrations[0m
Migrating to CreateDegrees (20100622230831)
Migrating to CreateGraduates (20100622231221)
  [4;36;1mSQL (0.1ms)[0m   [0;1mselect sqlite_version(*)[0m
  [4;35;1mSQL (0.1ms)[0m   [0m SELECT name
 FROM sqlite_master
 WHERE type = 'table' AND NOT name = 'sqlite_sequence'
[0m
  [4;36;1mSQL (0.1ms)[0m   [0;1mSELECT version FROM schema_migrations[0m
  [4;35;1mSQL (0.1ms)[0m   [0m SELECT name
 FROM sqlite_master
 WHERE type = 'table' AND NOT name = 'sqlite_sequence'
[0m
  [4;36;1mSQL (0.0ms)[0m   [0;1mPRAGMA index_list("degrees")[0m
  [4;35;1mSQL (0.0ms)[0m   [0mPRAGMA index_list("graduates")[0m
  [4;36;1mSQL (0.3ms)[0m   [0;1m SELECT name
 FROM sqlite_master
 WHERE type = 'table' AND NOT name = 'sqlite_sequence'
[0m
  [4;35;1mSQL (0.1ms)[0m   [0mSELECT version FROM schema_migrations[0m
Migrating to CreateDegrees (20100622230831)
Migrating to CreateGraduates (20100622231221)
  [4;36;1mSQL (0.1ms)[0m   [0;1mselect sqlite_version(*)[0m
  [4;35;1mSQL (0.1ms)[0m   [0m SELECT name
 FROM sqlite_master
 WHERE type = 'table' AND NOT name = 'sqlite_sequence'
[0m
  [4;36;1mSQL (0.1ms)[0m   [0;1mSELECT version FROM schema_migrations[0m
  [4;35;1mSQL (0.1ms)[0m   [0m SELECT name
 FROM sqlite_master
 WHERE type = 'table' AND NOT name = 'sqlite_sequence'
[0m
  [4;36;1mSQL (0.0ms)[0m   [0;1mPRAGMA index_list("degrees")[0m
  [4;35;1mSQL (0.0ms)[0m   [0mPRAGMA index_list("graduates")[0m
  [4;36;1mGraduate Load (0.1ms)[0m   [0;1mSELECT * FROM "graduates" WHERE ("graduates"."id" = 1) [0m
  [4;36;1mSQL (0.3ms)[0m   [0;1m SELECT name
 FROM sqlite_master
 WHERE type = 'table' AND NOT name = 'sqlite_sequence'
[0m
  [4;35;1mSQL (0.1ms)[0m   [0mSELECT version FROM schema_migrations[0m
Migrating to CreateDegrees (20100622230831)
Migrating to CreateGraduates (20100622231221)
  [4;36;1mSQL (0.1ms)[0m   [0;1mselect sqlite_version(*)[0m
  [4;35;1mSQL (0.1ms)[0m   [0m SELECT name
 FROM sqlite_master
 WHERE type = 'table' AND NOT name = 'sqlite_sequence'
[0m
  [4;36;1mSQL (0.1ms)[0m   [0;1mSELECT version FROM schema_migrations[0m
  [4;35;1mSQL (0.1ms)[0m   [0m SELECT name
 FROM sqlite_master
 WHERE type = 'table' AND NOT name = 'sqlite_sequence'
[0m
  [4;36;1mSQL (0.0ms)[0m   [0;1mPRAGMA index_list("degrees")[0m
  [4;35;1mSQL (0.0ms)[0m   [0mPRAGMA index_list("graduates")[0m
  [4;36;1mSQL (0.3ms)[0m   [0;1m SELECT name
 FROM sqlite_master
 WHERE type = 'table' AND NOT name = 'sqlite_sequence'
[0m
  [4;35;1mSQL (0.1ms)[0m   [0mSELECT version FROM schema_migrations[0m
  [4;36;1mSQL (0.1ms)[0m   [0;1m SELECT name
 FROM sqlite_master
 WHERE type = 'table' AND NOT name = 'sqlite_sequence'
[0m
  [4;35;1mSQL (0.1ms)[0m   [0mSELECT version FROM schema_migrations[0m
Migrating to CreateGraduates (20100622231221)
  [4;36;1mSQL (0.0ms)[0m   [0;1mselect sqlite_version(*)[0m
  [4;35;1mSQL (0.8ms)[0m   [0mDROP TABLE "graduates"[0m
  [4;36;1mSQL (0.1ms)[0m   [0;1mDELETE FROM schema_migrations WHERE version = '20100622231221'[0m
  [4;35;1mSQL (0.2ms)[0m   [0m SELECT name
 FROM sqlite_master
 WHERE type = 'table' AND NOT name = 'sqlite_sequence'
[0m
  [4;36;1mSQL (0.1ms)[0m   [0;1mSELECT version FROM schema_migrations[0m
  [4;35;1mSQL (0.1ms)[0m   [0m SELECT name
 FROM sqlite_master
 WHERE type = 'table' AND NOT name = 'sqlite_sequence'
[0m
  [4;36;1mSQL (0.0ms)[0m   [0;1mPRAGMA index_list("degrees")[0m
  [4;35;1mSQL (0.1ms)[0m   [0m SELECT name
 FROM sqlite_master
 WHERE type = 'table' AND NOT name = 'sqlite_sequence'
[0m
  [4;36;1mSQL (0.1ms)[0m   [0;1mSELECT version FROM schema_migrations[0m
Migrating to CreateDegrees (20100622230831)
Migrating to CreateGraduates (20100622231221)
  [4;35;1mSQL (0.3ms)[0m   [0mCREATE TABLE "graduates" ("id" INTEGER PRIMARY KEY AUTOINCREMENT NOT NULL, "first_name" varchar(255), "last_name" varchar(255), "degree_id" integer, "year_of_graduation" integer, "created_at" datetime, "updated_at" datetime) [0m
  [4;36;1mGraduate Create (0.1ms)[0m   [0;1mINSERT INTO "graduates" ("created_at", "year_of_graduation", "degree_id", "updated_at", "last_name", "first_name") VALUES('2010-06-23 00:15:54', 2009, 1, '2010-06-23 00:15:54', 'Smith', 'John')[0m
  [4;35;1mGraduate Create (0.1ms)[0m   [0mINSERT INTO "graduates" ("created_at", "year_of_graduation", "degree_id", "updated_at", "last_name", "first_name") VALUES('2010-06-23 00:15:54', 2008, 2, '2010-06-23 00:15:54', 'Walker', 'Jason')[0m
  [4;36;1mGraduate Create (0.0ms)[0m   [0;1mINSERT INTO "graduates" ("created_at", "year_of_graduation", "degree_id", "updated_at", "last_name", "first_name") VALUES('2010-06-23 00:15:54', 2009, 1, '2010-06-23 00:15:54', 'Smith', 'Sara')[0m
  [4;35;1mGraduate Create (0.0ms)[0m   [0mINSERT INTO "graduates" ("created_at", "year_of_graduation", "degree_id", "updated_at", "last_name", "first_name") VALUES('2010-06-23 00:15:54', 2010, 2, '2010-06-23 00:15:54', 'Jacobs', 'Jill')[0m
  [4;36;1mGraduate Create (0.0ms)[0m   [0;1mINSERT INTO "graduates" ("created_at", "year_of_graduation", "degree_id", "updated_at", "last_name", "first_name") VALUES('2010-06-23 00:15:54', 2009, 3, '2010-06-23 00:15:54', 'Smith', 'Bill')[0m
  [4;35;1mGraduate Create (0.0ms)[0m   [0mINSERT INTO "graduates" ("created_at", "year_of_graduation", "degree_id", "updated_at", "last_name", "first_name") VALUES('2010-06-23 00:15:54', 2008, 2, '2010-06-23 00:15:54', 'Baker', 'Bobby')[0m
  [4;36;1mGraduate Create (0.0ms)[0m   [0;1mINSERT INTO "graduates" ("created_at", "year_of_graduation", "degree_id", "updated_at", "last_name", "first_name") VALUES('2010-06-23 00:15:54', 2009, 1, '2010-06-23 00:15:54', 'Johnson', 'Buddy')[0m
  [4;35;1mSQL (0.1ms)[0m   [0mINSERT INTO schema_migrations (version) VALUES ('20100622231221')[0m
  [4;36;1mSQL (0.2ms)[0m   [0;1m SELECT name
 FROM sqlite_master
 WHERE type = 'table' AND NOT name = 'sqlite_sequence'
[0m
  [4;35;1mSQL (0.1ms)[0m   [0mSELECT version FROM schema_migrations[0m
  [4;36;1mSQL (0.1ms)[0m   [0;1m SELECT name
 FROM sqlite_master
 WHERE type = 'table' AND NOT name = 'sqlite_sequence'
[0m
  [4;35;1mSQL (0.0ms)[0m   [0mPRAGMA index_list("degrees")[0m
  [4;36;1mSQL (0.0ms)[0m   [0;1mPRAGMA index_list("graduates")[0m
  [4;36;1mGraduate Load (0.1ms)[0m   [0;1mSELECT * FROM "graduates" WHERE ("graduates"."id" = 1) [0m
  [4;35;1mDegree Load (0.1ms)[0m   [0mSELECT * FROM "degrees" WHERE ("degrees"."id" = 1) [0m
  [4;36;1mGraduate Load (0.1ms)[0m   [0;1mSELECT * FROM "graduates" WHERE ("graduates"."id" = 1) [0m
  [4;35;1mDegree Load (0.1ms)[0m   [0mSELECT * FROM "degrees" WHERE ("degrees"."id" = 1) [0m
  [4;36;1mSQL (0.7ms)[0m   [0;1mSELECT count(*) AS count_all FROM "degrees" [0m
  [4;35;1mSQL (0.2ms)[0m   [0mSELECT count(*) AS count_all FROM "graduates" [0m
  [4;36;1mSQL (0.2ms)[0m   [0;1m SELECT name
 FROM sqlite_master
 WHERE type = 'table' AND NOT name = 'sqlite_sequence'
[0m
  [4;35;1mSQL (0.1ms)[0m   [0mselect sqlite_version(*)[0m
  [4;36;1mSQL (43.2ms)[0m   [0;1mCREATE TABLE "schema_migrations" ("version" varchar(255) NOT NULL) [0m
  [4;35;1mSQL (0.1ms)[0m   [0mPRAGMA index_list("schema_migrations")[0m
  [4;36;1mSQL (3.3ms)[0m   [0;1mCREATE UNIQUE INDEX "unique_schema_migrations" ON "schema_migrations" ("version")[0m
  [4;35;1mSQL (0.4ms)[0m   [0m SELECT name
 FROM sqlite_master
 WHERE type = 'table' AND NOT name = 'sqlite_sequence'
[0m
  [4;36;1mSQL (0.2ms)[0m   [0;1mSELECT version FROM schema_migrations[0m
Migrating to CreateDegrees (20100622230831)
  [4;35;1mSQL (0.4ms)[0m   [0mCREATE TABLE "degrees" ("id" INTEGER PRIMARY KEY AUTOINCREMENT NOT NULL, "title" varchar(255), "name" varchar(255), "years" integer, "created_at" datetime, "updated_at" datetime) [0m
  [4;36;1mDegree Create (0.1ms)[0m   [0;1mINSERT INTO "degrees" ("name", "created_at", "title", "years", "updated_at") VALUES('BS', '2010-06-23 00:20:12', 'Bachlor of Science', 4, '2010-06-23 00:20:12')[0m
  [4;35;1mDegree Create (0.1ms)[0m   [0mINSERT INTO "degrees" ("name", "created_at", "title", "years", "updated_at") VALUES('MS', '2010-06-23 00:20:12', 'Master of Science', 2, '2010-06-23 00:20:12')[0m
  [4;36;1mDegree Create (0.1ms)[0m   [0;1mINSERT INTO "degrees" ("name", "created_at", "title", "years", "updated_at") VALUES('PhD', '2010-06-23 00:20:12', 'Doctor of Philosophy', 4, '2010-06-23 00:20:12')[0m
  [4;35;1mSQL (0.1ms)[0m   [0mINSERT INTO schema_migrations (version) VALUES ('20100622230831')[0m
Migrating to CreateGraduates (20100622231221)
  [4;36;1mSQL (0.4ms)[0m   [0;1mCREATE TABLE "graduates" ("id" INTEGER PRIMARY KEY AUTOINCREMENT NOT NULL, "first_name" varchar(255), "last_name" varchar(255), "degree_id" integer, "year_of_graduation" integer, "created_at" datetime, "updated_at" datetime) [0m
  [4;35;1mGraduate Create (0.1ms)[0m   [0mINSERT INTO "graduates" ("created_at", "year_of_graduation", "degree_id", "updated_at", "last_name", "first_name") VALUES('2010-06-23 00:20:12', 2009, 1, '2010-06-23 00:20:12', 'Smith', 'John')[0m
  [4;36;1mGraduate Create (0.1ms)[0m   [0;1mINSERT INTO "graduates" ("created_at", "year_of_graduation", "degree_id", "updated_at", "last_name", "first_name") VALUES('2010-06-23 00:20:12', 2008, 2, '2010-06-23 00:20:12', 'Walker', 'Jason')[0m
  [4;35;1mGraduate Create (0.0ms)[0m   [0mINSERT INTO "graduates" ("created_at", "year_of_graduation", "degree_id", "updated_at", "last_name", "first_name") VALUES('2010-06-23 00:20:12', 2009, 1, '2010-06-23 00:20:12', 'Smith', 'Sara')[0m
  [4;36;1mGraduate Create (0.0ms)[0m   [0;1mINSERT INTO "graduates" ("created_at", "year_of_graduation", "degree_id", "updated_at", "last_name", "first_name") VALUES('2010-06-23 00:20:12', 2010, 2, '2010-06-23 00:20:12', 'Jacobs', 'Jill')[0m
  [4;35;1mGraduate Create (0.0ms)[0m   [0mINSERT INTO "graduates" ("created_at", "year_of_graduation", "degree_id", "updated_at", "last_name", "first_name") VALUES('2010-06-23 00:20:12', 2009, 3, '2010-06-23 00:20:12', 'Smith', 'Bill')[0m
  [4;36;1mGraduate Create (0.1ms)[0m   [0;1mINSERT INTO "graduates" ("created_at", "year_of_graduation", "degree_id", "updated_at", "last_name", "first_name") VALUES('2010-06-23 00:20:12', 2008, 2, '2010-06-23 00:20:12', 'Baker', 'Bobby')[0m
  [4;35;1mGraduate Create (0.0ms)[0m   [0mINSERT INTO "graduates" ("created_at", "year_of_graduation", "degree_id", "updated_at", "last_name", "first_name") VALUES('2010-06-23 00:20:12', 2009, 1, '2010-06-23 00:20:12', 'Johnson', 'Buddy')[0m
  [4;36;1mSQL (0.1ms)[0m   [0;1mINSERT INTO schema_migrations (version) VALUES ('20100622231221')[0m
  [4;35;1mSQL (0.2ms)[0m   [0m SELECT name
 FROM sqlite_master
 WHERE type = 'table' AND NOT name = 'sqlite_sequence'
[0m
  [4;36;1mSQL (0.1ms)[0m   [0;1mSELECT version FROM schema_migrations[0m
  [4;35;1mSQL (0.1ms)[0m   [0m SELECT name
 FROM sqlite_master
 WHERE type = 'table' AND NOT name = 'sqlite_sequence'
[0m
  [4;36;1mSQL (0.0ms)[0m   [0;1mPRAGMA index_list("degrees")[0m
  [4;35;1mSQL (0.0ms)[0m   [0mPRAGMA index_list("graduates")[0m
  [4;36;1mSQL (0.1ms)[0m   [0;1mSELECT count(*) AS count_all FROM "graduates" [0m
  [4;35;1mSQL (0.1ms)[0m   [0mSELECT count(*) AS count_all FROM "degrees" [0m
  [4;36;1mGraduate Load (0.1ms)[0m   [0;1mSELECT * FROM "graduates" WHERE ("graduates"."id" = 1) [0m
  [4;35;1mDegree Load (0.2ms)[0m   [0mSELECT * FROM "degrees" WHERE ("degrees"."id" = 1) [0m


Processing GraduateAdvisorsController#show (for 127.0.0.1 at 2010-06-22 19:21:35) [GET]
  Parameters: {"id"=>"disp"}

ActionController::UnknownAction (No action responded to show. Actions: disp):
  

Rendering rescues/layout (not_found)


Processing GraduateAdvisorsController#show (for 127.0.0.1 at 2010-06-22 19:22:35) [GET]
  Parameters: {"id"=>"disp"}

ActionController::UnknownAction (No action responded to show. Actions: disp):
  

Rendering rescues/layout (not_found)


Processing GraduateAdvisorsController#show (for 127.0.0.1 at 2010-06-22 19:23:03) [GET]
  Parameters: {"id"=>"disp"}

ActionController::UnknownAction (No action responded to show. Actions: disp):
  

Rendering rescues/layout (not_found)


Processing GraduateAdvisorsController#show (for 127.0.0.1 at 2010-06-22 19:24:34) [GET]
  Parameters: {"id"=>"disp"}

ActionController::UnknownAction (No action responded to show. Actions: disp):
  

Rendering rescues/layout (not_found)


Processing GraduateAdvisorsController#show (for 127.0.0.1 at 2010-06-22 19:25:19) [GET]
  Parameters: {"id"=>"disp"}

ActionController::UnknownAction (No action responded to show. Actions: disp):
  

Rendering rescues/layout (not_found)


Processing GraduateAdvisorsController#show (for 127.0.0.1 at 2010-06-22 19:26:23) [GET]
  Parameters: {"id"=>"disp"}

ActionController::UnknownAction (No action responded to show. Actions: disp):
  

Rendering rescues/layout (not_found)


Processing GraduateAdvisorsController#show (for 127.0.0.1 at 2010-06-22 19:26:53) [GET]
  Parameters: {"id"=>"disp"}

ActionController::UnknownAction (No action responded to show. Actions: disp):
  

Rendering rescues/layout (not_found)


Processing GraduateAdvisorsController#show (for 127.0.0.1 at 2010-06-22 19:27:08) [GET]
  Parameters: {"id"=>"disp"}

ActionController::UnknownAction (No action responded to show. Actions: disp):
  

Rendering rescues/layout (not_found)


Processing GraduateAdvisorsController#disp (for 127.0.0.1 at 2010-06-22 19:27:24) [GET]
  Parameters: {"id"=>"2009"}
  [4;36;1mGraduate Load (0.5ms)[0m   [0;1mSELECT * FROM "graduates" WHERE ("graduates"."year_of_graduation" = 2009) [0m
Rendering graduate_advisors/disp
  [4;35;1mDegree Load (0.3ms)[0m   [0mSELECT * FROM "degrees" WHERE ("degrees"."id" = 1) [0m
  [4;36;1mCACHE (0.0ms)[0m   [0;1mSELECT * FROM "degrees" WHERE ("degrees"."id" = 1) [0m
  [4;35;1mDegree Load (0.2ms)[0m   [0mSELECT * FROM "degrees" WHERE ("degrees"."id" = 3) [0m
  [4;36;1mCACHE (0.0ms)[0m   [0;1mSELECT * FROM "degrees" WHERE ("degrees"."id" = 1) [0m
Completed in 33ms (View: 19, DB: 1) | 200 OK [http://localhost/graduate_advisors/disp/2009]


Processing GraduateAdvisorsController#disp (for 127.0.0.1 at 2010-06-22 19:28:34) [GET]
  Parameters: {"id"=>"2009"}
  [4;35;1mGraduate Load (0.2ms)[0m   [0mSELECT * FROM "graduates" WHERE ("graduates"."year_of_graduation" = 2009) [0m
Rendering graduate_advisors/disp
  [4;36;1mDegree Load (0.2ms)[0m   [0;1mSELECT * FROM "degrees" WHERE ("degrees"."id" = 1) [0m
  [4;35;1mCACHE (0.0ms)[0m   [0mSELECT * FROM "degrees" WHERE ("degrees"."id" = 1) [0m
  [4;36;1mDegree Load (0.1ms)[0m   [0;1mSELECT * FROM "degrees" WHERE ("degrees"."id" = 3) [0m
  [4;35;1mCACHE (0.0ms)[0m   [0mSELECT * FROM "degrees" WHERE ("degrees"."id" = 1) [0m
Completed in 15ms (View: 10, DB: 0) | 200 OK [http://localhost/graduate_advisors/disp/2009]


Processing GraduateAdvisorsController#disp (for 127.0.0.1 at 2010-06-22 19:28:54) [GET]
  Parameters: {"id"=>"2009"}
  [4;36;1mGraduate Load (0.2ms)[0m   [0;1mSELECT * FROM "graduates" WHERE ("graduates"."year_of_graduation" = 2009) [0m
Rendering graduate_advisors/disp
  [4;35;1mDegree Load (0.2ms)[0m   [0mSELECT * FROM "degrees" WHERE ("degrees"."id" = 1) [0m
  [4;36;1mCACHE (0.0ms)[0m   [0;1mSELECT * FROM "degrees" WHERE ("degrees"."id" = 1) [0m
  [4;35;1mDegree Load (0.1ms)[0m   [0mSELECT * FROM "degrees" WHERE ("degrees"."id" = 3) [0m
  [4;36;1mCACHE (0.0ms)[0m   [0;1mSELECT * FROM "degrees" WHERE ("degrees"."id" = 1) [0m
Completed in 15ms (View: 10, DB: 0) | 200 OK [http://localhost/graduate_advisors/disp/2009]


Processing GraduateAdvisorsController#disp (for 127.0.0.1 at 2010-06-22 19:28:55) [GET]
  Parameters: {"id"=>"2009"}
  [4;35;1mGraduate Load (0.2ms)[0m   [0mSELECT * FROM "graduates" WHERE ("graduates"."year_of_graduation" = 2009) [0m
Rendering graduate_advisors/disp
  [4;36;1mDegree Load (0.1ms)[0m   [0;1mSELECT * FROM "degrees" WHERE ("degrees"."id" = 1) [0m
  [4;35;1mCACHE (0.0ms)[0m   [0mSELECT * FROM "degrees" WHERE ("degrees"."id" = 1) [0m
  [4;36;1mDegree Load (0.3ms)[0m   [0;1mSELECT * FROM "degrees" WHERE ("degrees"."id" = 3) [0m
  [4;35;1mCACHE (0.0ms)[0m   [0mSELECT * FROM "degrees" WHERE ("degrees"."id" = 1) [0m
Completed in 73ms (View: 68, DB: 1) | 200 OK [http://localhost/graduate_advisors/disp/2009]


Processing GraduateAdvisorsController#disp (for 127.0.0.1 at 2010-06-22 19:28:55) [GET]
  Parameters: {"id"=>"2009"}
  [4;36;1mGraduate Load (0.2ms)[0m   [0;1mSELECT * FROM "graduates" WHERE ("graduates"."year_of_graduation" = 2009) [0m
Rendering graduate_advisors/disp
  [4;35;1mDegree Load (0.1ms)[0m   [0mSELECT * FROM "degrees" WHERE ("degrees"."id" = 1) [0m
  [4;36;1mCACHE (0.0ms)[0m   [0;1mSELECT * FROM "degrees" WHERE ("degrees"."id" = 1) [0m
  [4;35;1mDegree Load (0.1ms)[0m   [0mSELECT * FROM "degrees" WHERE ("degrees"."id" = 3) [0m
  [4;36;1mCACHE (0.0ms)[0m   [0;1mSELECT * FROM "degrees" WHERE ("degrees"."id" = 1) [0m
Completed in 11ms (View: 6, DB: 0) | 200 OK [http://localhost/graduate_advisors/disp/2009]


Processing GraduateAdvisorsController#disp (for 127.0.0.1 at 2010-06-22 19:28:55) [GET]
  Parameters: {"id"=>"2009"}
  [4;35;1mGraduate Load (0.2ms)[0m   [0mSELECT * FROM "graduates" WHERE ("graduates"."year_of_graduation" = 2009) [0m
Rendering graduate_advisors/disp
  [4;36;1mDegree Load (0.1ms)[0m   [0;1mSELECT * FROM "degrees" WHERE ("degrees"."id" = 1) [0m
  [4;35;1mCACHE (0.0ms)[0m   [0mSELECT * FROM "degrees" WHERE ("degrees"."id" = 1) [0m
  [4;36;1mDegree Load (0.1ms)[0m   [0;1mSELECT * FROM "degrees" WHERE ("degrees"."id" = 3) [0m
  [4;35;1mCACHE (0.0ms)[0m   [0mSELECT * FROM "degrees" WHERE ("degrees"."id" = 1) [0m
Completed in 11ms (View: 6, DB: 0) | 200 OK [http://localhost/graduate_advisors/disp/2009]


Processing GraduateAdvisorsController#disp (for 127.0.0.1 at 2010-06-22 19:28:56) [GET]
  Parameters: {"id"=>"2009"}
  [4;36;1mGraduate Load (0.2ms)[0m   [0;1mSELECT * FROM "graduates" WHERE ("graduates"."year_of_graduation" = 2009) [0m
Rendering graduate_advisors/disp
  [4;35;1mDegree Load (0.1ms)[0m   [0mSELECT * FROM "degrees" WHERE ("degrees"."id" = 1) [0m
  [4;36;1mCACHE (0.0ms)[0m   [0;1mSELECT * FROM "degrees" WHERE ("degrees"."id" = 1) [0m
  [4;35;1mDegree Load (0.1ms)[0m   [0mSELECT * FROM "degrees" WHERE ("degrees"."id" = 3) [0m
  [4;36;1mCACHE (0.0ms)[0m   [0;1mSELECT * FROM "degrees" WHERE ("degrees"."id" = 1) [0m
Completed in 13ms (View: 7, DB: 0) | 200 OK [http://localhost/graduate_advisors/disp/2009]


Processing GraduateAdvisorsController#disp (for 127.0.0.1 at 2010-06-22 19:28:56) [GET]
  Parameters: {"id"=>"2009"}
  [4;35;1mGraduate Load (0.2ms)[0m   [0mSELECT * FROM "graduates" WHERE ("graduates"."year_of_graduation" = 2009) [0m
Rendering graduate_advisors/disp
  [4;36;1mDegree Load (0.1ms)[0m   [0;1mSELECT * FROM "degrees" WHERE ("degrees"."id" = 1) [0m
  [4;35;1mCACHE (0.0ms)[0m   [0mSELECT * FROM "degrees" WHERE ("degrees"."id" = 1) [0m
  [4;36;1mDegree Load (0.1ms)[0m   [0;1mSELECT * FROM "degrees" WHERE ("degrees"."id" = 3) [0m
  [4;35;1mCACHE (0.0ms)[0m   [0mSELECT * FROM "degrees" WHERE ("degrees"."id" = 1) [0m
Completed in 11ms (View: 6, DB: 0) | 200 OK [http://localhost/graduate_advisors/disp/2009]


Processing GraduateAdvisorsController#disp (for 127.0.0.1 at 2010-06-22 19:29:00) [GET]
  Parameters: {"id"=>"2009"}
  [4;36;1mGraduate Load (0.2ms)[0m   [0;1mSELECT * FROM "graduates" WHERE ("graduates"."year_of_graduation" = 2009) [0m
Rendering graduate_advisors/disp
  [4;35;1mDegree Load (0.2ms)[0m   [0mSELECT * FROM "degrees" WHERE ("degrees"."id" = 1) [0m
  [4;36;1mCACHE (0.0ms)[0m   [0;1mSELECT * FROM "degrees" WHERE ("degrees"."id" = 1) [0m
  [4;35;1mDegree Load (0.1ms)[0m   [0mSELECT * FROM "degrees" WHERE ("degrees"."id" = 3) [0m
  [4;36;1mCACHE (0.0ms)[0m   [0;1mSELECT * FROM "degrees" WHERE ("degrees"."id" = 1) [0m
Completed in 17ms (View: 10, DB: 0) | 200 OK [http://localhost/graduate_advisors/disp/2009]


Processing GraduateAdvisorsController#disp (for 127.0.0.1 at 2010-06-22 19:29:00) [GET]
  Parameters: {"id"=>"2009"}
  [4;35;1mGraduate Load (0.2ms)[0m   [0mSELECT * FROM "graduates" WHERE ("graduates"."year_of_graduation" = 2009) [0m
Rendering graduate_advisors/disp
  [4;36;1mDegree Load (0.1ms)[0m   [0;1mSELECT * FROM "degrees" WHERE ("degrees"."id" = 1) [0m
  [4;35;1mCACHE (0.0ms)[0m   [0mSELECT * FROM "degrees" WHERE ("degrees"."id" = 1) [0m
  [4;36;1mDegree Load (0.1ms)[0m   [0;1mSELECT * FROM "degrees" WHERE ("degrees"."id" = 3) [0m
  [4;35;1mCACHE (0.0ms)[0m   [0mSELECT * FROM "degrees" WHERE ("degrees"."id" = 1) [0m
Completed in 11ms (View: 6, DB: 0) | 200 OK [http://localhost/graduate_advisors/disp/2009]


Processing GraduateAdvisorsController#disp (for 127.0.0.1 at 2010-06-22 19:29:00) [GET]
  Parameters: {"id"=>"2009"}
  [4;36;1mGraduate Load (0.2ms)[0m   [0;1mSELECT * FROM "graduates" WHERE ("graduates"."year_of_graduation" = 2009) [0m
Rendering graduate_advisors/disp
  [4;35;1mDegree Load (0.2ms)[0m   [0mSELECT * FROM "degrees" WHERE ("degrees"."id" = 1) [0m
  [4;36;1mCACHE (0.0ms)[0m   [0;1mSELECT * FROM "degrees" WHERE ("degrees"."id" = 1) [0m
  [4;35;1mDegree Load (0.1ms)[0m   [0mSELECT * FROM "degrees" WHERE ("degrees"."id" = 3) [0m
  [4;36;1mCACHE (0.0ms)[0m   [0;1mSELECT * FROM "degrees" WHERE ("degrees"."id" = 1) [0m
Completed in 68ms (View: 7, DB: 0) | 200 OK [http://localhost/graduate_advisors/disp/2009]


Processing GraduateAdvisorsController#disp (for 127.0.0.1 at 2010-06-22 19:29:06) [GET]
  Parameters: {"id"=>"2009"}
  [4;35;1mGraduate Load (0.2ms)[0m   [0mSELECT * FROM "graduates" WHERE ("graduates"."year_of_graduation" = 2009) [0m
Rendering graduate_advisors/disp
  [4;36;1mDegree Load (0.2ms)[0m   [0;1mSELECT * FROM "degrees" WHERE ("degrees"."id" = 1) [0m
  [4;35;1mCACHE (0.0ms)[0m   [0mSELECT * FROM "degrees" WHERE ("degrees"."id" = 1) [0m
  [4;36;1mDegree Load (0.1ms)[0m   [0;1mSELECT * FROM "degrees" WHERE ("degrees"."id" = 3) [0m
  [4;35;1mCACHE (0.0ms)[0m   [0mSELECT * FROM "degrees" WHERE ("degrees"."id" = 1) [0m
Completed in 14ms (View: 10, DB: 0) | 200 OK [http://localhost/graduate_advisors/disp/2009]


Processing GraduateAdvisorsController#disp (for 127.0.0.1 at 2010-06-22 19:29:20) [GET]
  Parameters: {"id"=>"2009"}
  [4;36;1mGraduate Load (0.2ms)[0m   [0;1mSELECT * FROM "graduates" WHERE ("graduates"."year_of_graduation" = 2009) [0m
Rendering graduate_advisors/disp
  [4;35;1mDegree Load (0.2ms)[0m   [0mSELECT * FROM "degrees" WHERE ("degrees"."id" = 1) [0m
  [4;36;1mCACHE (0.0ms)[0m   [0;1mSELECT * FROM "degrees" WHERE ("degrees"."id" = 1) [0m
  [4;35;1mDegree Load (0.1ms)[0m   [0mSELECT * FROM "degrees" WHERE ("degrees"."id" = 3) [0m
  [4;36;1mCACHE (0.0ms)[0m   [0;1mSELECT * FROM "degrees" WHERE ("degrees"."id" = 1) [0m
Completed in 14ms (View: 9, DB: 0) | 200 OK [http://localhost/graduate_advisors/disp/2009]


Processing GraduateAdvisorsController#disp (for 127.0.0.1 at 2010-06-22 19:29:42) [GET]
  Parameters: {"id"=>"2009"}
  [4;35;1mGraduate Load (0.2ms)[0m   [0mSELECT * FROM "graduates" WHERE ("graduates"."year_of_graduation" = 2009) [0m
Rendering graduate_advisors/disp
  [4;36;1mDegree Load (0.2ms)[0m   [0;1mSELECT * FROM "degrees" WHERE ("degrees"."id" = 1) [0m
  [4;35;1mCACHE (0.0ms)[0m   [0mSELECT * FROM "degrees" WHERE ("degrees"."id" = 1) [0m
  [4;36;1mDegree Load (0.1ms)[0m   [0;1mSELECT * FROM "degrees" WHERE ("degrees"."id" = 3) [0m
  [4;35;1mCACHE (0.0ms)[0m   [0mSELECT * FROM "degrees" WHERE ("degrees"."id" = 1) [0m
Completed in 15ms (View: 10, DB: 0) | 200 OK [http://localhost/graduate_advisors/disp/2009]


Processing GraduateAdvisorsController#disp (for 127.0.0.1 at 2010-06-22 19:30:09) [GET]
  Parameters: {"id"=>"2009"}
  [4;36;1mGraduate Load (0.2ms)[0m   [0;1mSELECT * FROM "graduates" WHERE ("graduates"."year_of_graduation" = 2009) [0m
Rendering graduate_advisors/disp
  [4;35;1mDegree Load (0.1ms)[0m   [0mSELECT * FROM "degrees" WHERE ("degrees"."id" = 1) [0m
  [4;36;1mCACHE (0.0ms)[0m   [0;1mSELECT * FROM "degrees" WHERE ("degrees"."id" = 1) [0m
  [4;35;1mDegree Load (0.1ms)[0m   [0mSELECT * FROM "degrees" WHERE ("degrees"."id" = 3) [0m
  [4;36;1mCACHE (0.0ms)[0m   [0;1mSELECT * FROM "degrees" WHERE ("degrees"."id" = 1) [0m
Completed in 11ms (View: 6, DB: 0) | 200 OK [http://localhost/graduate_advisors/disp/2009]


Processing GraduateAdvisorsController#disp (for 127.0.0.1 at 2010-06-22 19:30:21) [GET]
  Parameters: {"id"=>"2009"}
  [4;35;1mGraduate Load (0.2ms)[0m   [0mSELECT * FROM "graduates" WHERE ("graduates"."year_of_graduation" = 2009) [0m
Rendering graduate_advisors/disp
  [4;36;1mDegree Load (0.2ms)[0m   [0;1mSELECT * FROM "degrees" WHERE ("degrees"."id" = 1) [0m
  [4;35;1mCACHE (0.0ms)[0m   [0mSELECT * FROM "degrees" WHERE ("degrees"."id" = 1) [0m
  [4;36;1mDegree Load (0.1ms)[0m   [0;1mSELECT * FROM "degrees" WHERE ("degrees"."id" = 3) [0m
  [4;35;1mCACHE (0.0ms)[0m   [0mSELECT * FROM "degrees" WHERE ("degrees"."id" = 1) [0m
Completed in 15ms (View: 10, DB: 0) | 200 OK [http://localhost/graduate_advisors/disp/2009]


Processing GraduateAdvisorsController#2009 (for 127.0.0.1 at 2010-06-22 19:30:30) [POST]
  Parameters: {"commit"=>"List", "authenticity_token"=>"ZI6eBwyTrHBn8psFTejTj6lGz3Wg9kMGxwC6P/cCeCs=", "id"=>"disp", "year"=>"2010"}

ActionController::UnknownAction (No action responded to 2009. Actions: disp):
  

Rendering rescues/layout (not_found)


Processing GraduateAdvisorsController#disp (for 127.0.0.1 at 2010-06-22 19:31:33) [GET]
  Parameters: {"id"=>"2009"}
  [4;36;1mGraduate Load (0.2ms)[0m   [0;1mSELECT * FROM "graduates" WHERE ("graduates"."year_of_graduation" = 2009) [0m
Rendering graduate_advisors/disp
  [4;35;1mDegree Load (0.2ms)[0m   [0mSELECT * FROM "degrees" WHERE ("degrees"."id" = 1) [0m
  [4;36;1mCACHE (0.0ms)[0m   [0;1mSELECT * FROM "degrees" WHERE ("degrees"."id" = 1) [0m
  [4;35;1mDegree Load (0.2ms)[0m   [0mSELECT * FROM "degrees" WHERE ("degrees"."id" = 3) [0m
  [4;36;1mCACHE (0.0ms)[0m   [0;1mSELECT * FROM "degrees" WHERE ("degrees"."id" = 1) [0m
Completed in 20ms (View: 15, DB: 1) | 200 OK [http://localhost/graduate_advisors/disp/2009]


Processing GraduateAdvisorsController#2009 (for 127.0.0.1 at 2010-06-22 19:31:36) [POST]
  Parameters: {"commit"=>"List", "method"=>"post", "authenticity_token"=>"ZI6eBwyTrHBn8psFTejTj6lGz3Wg9kMGxwC6P/cCeCs=", "id"=>"disp", "year"=>"2009"}

ActionController::UnknownAction (No action responded to 2009. Actions: disp):
  

Rendering rescues/layout (not_found)


Processing GraduateAdvisorsController#disp (for 127.0.0.1 at 2010-06-22 19:32:15) [GET]
  Parameters: {"id"=>"2009"}
  [4;35;1mGraduate Load (0.3ms)[0m   [0mSELECT * FROM "graduates" WHERE ("graduates"."year_of_graduation" = 2009) [0m
Rendering graduate_advisors/disp
ERROR: compiling _run_erb_app47views47graduate_advisors47disp46html46erb RAISED compile error
/Users/venkats/agility/svnuh/u10_ror/venkat/code/06222010/grads/app/views/graduate_advisors/disp.html.erb:3: syntax error, unexpected ':', expecting kEND
...  form_tag :action => 'disp' :method => 'post' do |f| ; @out...
                              ^
/Users/venkats/agility/svnuh/u10_ror/venkat/code/06222010/grads/app/views/graduate_advisors/disp.html.erb:3: syntax error, unexpected kDO, expecting kEND
...=> 'disp' :method => 'post' do |f| ; @output_buffer.concat "...
                              ^
/Users/venkats/agility/svnuh/u10_ror/venkat/code/06222010/grads/app/views/graduate_advisors/disp.html.erb:26: syntax error, unexpected kENSURE, expecting $end
Function body:           def _run_erb_app47views47graduate_advisors47disp46html46erb(local_assigns)
            old_output_buffer = output_buffer;;@output_buffer = '';  __in_erb_template=true ; @output_buffer.concat "Students who graduate in a given year:\n<p>\n"

;  form_tag :action => 'disp' :method => 'post' do |f| ; @output_buffer.concat "\n  <p>\n    Year\n    "


; @output_buffer.concat(( text_field_tag name="year", value="#{@year}" ).to_s); @output_buffer.concat "\n    "
; @output_buffer.concat(( submit_tag value="List" ).to_s); @output_buffer.concat "\n  </p>\n"

;  end ; @output_buffer.concat "\n\nStudents:\n<table>\n<tr>\n\t<td>First Name</td>\n\t<td>Last Name</td>\n\t<td>Degree</td>\n</tr>\n"








;  @graduates.each do |graduate| ; @output_buffer.concat "\n<tr>\n\t<td>"

; @output_buffer.concat(( graduate.first_name ).to_s); @output_buffer.concat "</td>\n\t<td>"
; @output_buffer.concat(( graduate.last_name ).to_s); @output_buffer.concat "</td>\n\t<td>"
; @output_buffer.concat(( graduate.degree.name ).to_s); @output_buffer.concat "</td>\n</tr>\n"

;  end ; @output_buffer.concat "\n</table>"
; @output_buffer
          ensure
            self.output_buffer = old_output_buffer
          end
Backtrace: /Users/venkats/agility/svnuh/u10_ror/venkat/code/06222010/grads/app/views/graduate_advisors/disp.html.erb:26:in `compile!'
/Library/Ruby/Gems/1.8/gems/actionpack-2.3.8/lib/action_view/renderable.rb:61:in `compile'
/Library/Ruby/Gems/1.8/gems/actionpack-2.3.8/lib/action_view/renderable.rb:28:in `render'
/Library/Ruby/Gems/1.8/gems/actionpack-2.3.8/lib/action_view/template.rb:205:in `render_template'
/Library/Ruby/Gems/1.8/gems/actionpack-2.3.8/lib/action_view/base.rb:265:in `render'
/Library/Ruby/Gems/1.8/gems/actionpack-2.3.8/lib/action_controller/base.rb:1250:in `render_for_file'
/Library/Ruby/Gems/1.8/gems/actionpack-2.3.8/lib/action_controller/base.rb:936:in `render_without_benchmark'
/Library/Ruby/Gems/1.8/gems/actionpack-2.3.8/lib/action_controller/benchmarking.rb:51:in `render'
/Library/Ruby/Gems/1.8/gems/activesupport-2.3.8/lib/active_support/core_ext/benchmark.rb:17:in `ms'
/System/Library/Frameworks/Ruby.framework/Versions/1.8/usr/lib/ruby/1.8/benchmark.rb:308:in `realtime'
/Library/Ruby/Gems/1.8/gems/activesupport-2.3.8/lib/active_support/core_ext/benchmark.rb:17:in `ms'
/Library/Ruby/Gems/1.8/gems/actionpack-2.3.8/lib/action_controller/benchmarking.rb:51:in `render'
/Library/Ruby/Gems/1.8/gems/actionpack-2.3.8/lib/action_controller/base.rb:1326:in `default_render'
/Library/Ruby/Gems/1.8/gems/actionpack-2.3.8/lib/action_controller/base.rb:1332:in `perform_action_without_filters'
/Library/Ruby/Gems/1.8/gems/actionpack-2.3.8/lib/action_controller/filters.rb:617:in `call_filters'
/Library/Ruby/Gems/1.8/gems/actionpack-2.3.8/lib/action_controller/filters.rb:610:in `perform_action_without_benchmark'
/Library/Ruby/Gems/1.8/gems/actionpack-2.3.8/lib/action_controller/benchmarking.rb:68:in `perform_action_without_rescue'
/Library/Ruby/Gems/1.8/gems/activesupport-2.3.8/lib/active_support/core_ext/benchmark.rb:17:in `ms'
/System/Library/Frameworks/Ruby.framework/Versions/1.8/usr/lib/ruby/1.8/benchmark.rb:308:in `realtime'
/Library/Ruby/Gems/1.8/gems/activesupport-2.3.8/lib/active_support/core_ext/benchmark.rb:17:in `ms'
/Library/Ruby/Gems/1.8/gems/actionpack-2.3.8/lib/action_controller/benchmarking.rb:68:in `perform_action_without_rescue'
/Library/Ruby/Gems/1.8/gems/actionpack-2.3.8/lib/action_controller/rescue.rb:160:in `perform_action_without_flash'
/Library/Ruby/Gems/1.8/gems/actionpack-2.3.8/lib/action_controller/flash.rb:151:in `perform_action'
/Library/Ruby/Gems/1.8/gems/actionpack-2.3.8/lib/action_controller/base.rb:532:in `send'
/Library/Ruby/Gems/1.8/gems/actionpack-2.3.8/lib/action_controller/base.rb:532:in `process_without_filters'
/Library/Ruby/Gems/1.8/gems/actionpack-2.3.8/lib/action_controller/filters.rb:606:in `process'
/Library/Ruby/Gems/1.8/gems/actionpack-2.3.8/lib/action_controller/base.rb:391:in `process'
/Library/Ruby/Gems/1.8/gems/actionpack-2.3.8/lib/action_controller/base.rb:386:in `call'
/Library/Ruby/Gems/1.8/gems/actionpack-2.3.8/lib/action_controller/routing/route_set.rb:438:in `call'
/Library/Ruby/Gems/1.8/gems/actionpack-2.3.8/lib/action_controller/dispatcher.rb:87:in `dispatch'
/Library/Ruby/Gems/1.8/gems/actionpack-2.3.8/lib/action_controller/dispatcher.rb:121:in `_call'
/Library/Ruby/Gems/1.8/gems/actionpack-2.3.8/lib/action_controller/dispatcher.rb:130:in `build_middleware_stack'
/Library/Ruby/Gems/1.8/gems/activerecord-2.3.8/lib/active_record/query_cache.rb:29:in `call'
/Library/Ruby/Gems/1.8/gems/activerecord-2.3.8/lib/active_record/query_cache.rb:29:in `call'
/Library/Ruby/Gems/1.8/gems/activerecord-2.3.8/lib/active_record/connection_adapters/abstract/query_cache.rb:34:in `cache'
/Library/Ruby/Gems/1.8/gems/activerecord-2.3.8/lib/active_record/query_cache.rb:9:in `cache'
/Library/Ruby/Gems/1.8/gems/activerecord-2.3.8/lib/active_record/query_cache.rb:28:in `call'
/Library/Ruby/Gems/1.8/gems/activerecord-2.3.8/lib/active_record/connection_adapters/abstract/connection_pool.rb:361:in `call'
/Library/Ruby/Gems/1.8/gems/actionpack-2.3.8/lib/action_controller/string_coercion.rb:25:in `call'
/Library/Ruby/Gems/1.8/gems/rack-1.1.0/lib/rack/head.rb:9:in `call'
/Library/Ruby/Gems/1.8/gems/rack-1.1.0/lib/rack/methodoverride.rb:24:in `call'
/Library/Ruby/Gems/1.8/gems/actionpack-2.3.8/lib/action_controller/params_parser.rb:15:in `call'
/Library/Ruby/Gems/1.8/gems/actionpack-2.3.8/lib/action_controller/session/cookie_store.rb:99:in `call'
/Library/Ruby/Gems/1.8/gems/actionpack-2.3.8/lib/action_controller/failsafe.rb:26:in `call'
/Library/Ruby/Gems/1.8/gems/rack-1.1.0/lib/rack/lock.rb:11:in `call'
/Library/Ruby/Gems/1.8/gems/rack-1.1.0/lib/rack/lock.rb:11:in `synchronize'
/Library/Ruby/Gems/1.8/gems/rack-1.1.0/lib/rack/lock.rb:11:in `call'
/Library/Ruby/Gems/1.8/gems/actionpack-2.3.8/lib/action_controller/dispatcher.rb:114:in `call'
/Library/Ruby/Gems/1.8/gems/actionpack-2.3.8/lib/action_controller/reloader.rb:34:in `run'
/Library/Ruby/Gems/1.8/gems/actionpack-2.3.8/lib/action_controller/dispatcher.rb:108:in `call'
/Library/Ruby/Gems/1.8/gems/rails-2.3.8/lib/rails/rack/static.rb:31:in `call'
/Library/Ruby/Gems/1.8/gems/rack-1.1.0/lib/rack/urlmap.rb:47:in `call'
/Library/Ruby/Gems/1.8/gems/rack-1.1.0/lib/rack/urlmap.rb:41:in `each'
/Library/Ruby/Gems/1.8/gems/rack-1.1.0/lib/rack/urlmap.rb:41:in `call'
/Library/Ruby/Gems/1.8/gems/rails-2.3.8/lib/rails/rack/log_tailer.rb:17:in `call'
/Library/Ruby/Gems/1.8/gems/rack-1.1.0/lib/rack/content_length.rb:13:in `call'
/Library/Ruby/Gems/1.8/gems/rack-1.1.0/lib/rack/chunked.rb:15:in `call'
/Library/Ruby/Gems/1.8/gems/rack-1.1.0/lib/rack/handler/mongrel.rb:67:in `process'
/System/Library/Frameworks/Ruby.framework/Versions/1.8/usr/lib/ruby/gems/1.8/gems/mongrel-1.1.5/lib/mongrel.rb:159:in `process_client'
/System/Library/Frameworks/Ruby.framework/Versions/1.8/usr/lib/ruby/gems/1.8/gems/mongrel-1.1.5/lib/mongrel.rb:158:in `each'
/System/Library/Frameworks/Ruby.framework/Versions/1.8/usr/lib/ruby/gems/1.8/gems/mongrel-1.1.5/lib/mongrel.rb:158:in `process_client'
/System/Library/Frameworks/Ruby.framework/Versions/1.8/usr/lib/ruby/gems/1.8/gems/mongrel-1.1.5/lib/mongrel.rb:285:in `run'
/System/Library/Frameworks/Ruby.framework/Versions/1.8/usr/lib/ruby/gems/1.8/gems/mongrel-1.1.5/lib/mongrel.rb:285:in `initialize'
/System/Library/Frameworks/Ruby.framework/Versions/1.8/usr/lib/ruby/gems/1.8/gems/mongrel-1.1.5/lib/mongrel.rb:285:in `new'
/System/Library/Frameworks/Ruby.framework/Versions/1.8/usr/lib/ruby/gems/1.8/gems/mongrel-1.1.5/lib/mongrel.rb:285:in `run'
/System/Library/Frameworks/Ruby.framework/Versions/1.8/usr/lib/ruby/gems/1.8/gems/mongrel-1.1.5/lib/mongrel.rb:268:in `initialize'
/System/Library/Frameworks/Ruby.framework/Versions/1.8/usr/lib/ruby/gems/1.8/gems/mongrel-1.1.5/lib/mongrel.rb:268:in `new'
/System/Library/Frameworks/Ruby.framework/Versions/1.8/usr/lib/ruby/gems/1.8/gems/mongrel-1.1.5/lib/mongrel.rb:268:in `run'
/Library/Ruby/Gems/1.8/gems/rack-1.1.0/lib/rack/handler/mongrel.rb:38:in `run'
/Library/Ruby/Gems/1.8/gems/rails-2.3.8/lib/commands/server.rb:111
/Library/Ruby/Site/1.8/rubygems/custom_require.rb:31:in `gem_original_require'
/Library/Ruby/Site/1.8/rubygems/custom_require.rb:31:in `require'
script/server:3

ActionView::TemplateError (compile error
/Users/venkats/agility/svnuh/u10_ror/venkat/code/06222010/grads/app/views/graduate_advisors/disp.html.erb:3: syntax error, unexpected ':', expecting kEND
...  form_tag :action => 'disp' :method => 'post' do |f| ; @out...
                              ^
/Users/venkats/agility/svnuh/u10_ror/venkat/code/06222010/grads/app/views/graduate_advisors/disp.html.erb:3: syntax error, unexpected kDO, expecting kEND
...=> 'disp' :method => 'post' do |f| ; @output_buffer.concat "...
                              ^
/Users/venkats/agility/svnuh/u10_ror/venkat/code/06222010/grads/app/views/graduate_advisors/disp.html.erb:26: syntax error, unexpected kENSURE, expecting $end) on line #3 of app/views/graduate_advisors/disp.html.erb:
1: Students who graduate in a given year:
2: <p>
3: <% form_tag :action => 'disp' :method => 'post' do |f| %>
4:   <p>
5:     Year
6:     <%= text_field_tag name="year", value="#{@year}" %>

    app/views/graduate_advisors/disp.html.erb:26:in `compile!'

Rendered rescues/_trace (35.2ms)
Rendered rescues/_request_and_response (1.6ms)
Rendering rescues/layout (internal_server_error)


Processing GraduateAdvisorsController#disp (for 127.0.0.1 at 2010-06-22 19:32:27) [GET]
  Parameters: {"id"=>"2009"}
  [4;36;1mGraduate Load (0.2ms)[0m   [0;1mSELECT * FROM "graduates" WHERE ("graduates"."year_of_graduation" = 2009) [0m
Rendering graduate_advisors/disp
  [4;35;1mDegree Load (0.2ms)[0m   [0mSELECT * FROM "degrees" WHERE ("degrees"."id" = 1) [0m
  [4;36;1mCACHE (0.0ms)[0m   [0;1mSELECT * FROM "degrees" WHERE ("degrees"."id" = 1) [0m
  [4;35;1mDegree Load (0.1ms)[0m   [0mSELECT * FROM "degrees" WHERE ("degrees"."id" = 3) [0m
  [4;36;1mCACHE (0.0ms)[0m   [0;1mSELECT * FROM "degrees" WHERE ("degrees"."id" = 1) [0m
Completed in 94ms (View: 88, DB: 0) | 200 OK [http://localhost/graduate_advisors/disp/2009]


Processing GraduateAdvisorsController#2009 (for 127.0.0.1 at 2010-06-22 19:32:29) [POST]
  Parameters: {"commit"=>"List", "method"=>"post", "authenticity_token"=>"em+eigM1py9vBEqOOec73I3qSU5YPDcNRct3DmdIB+g=", "id"=>"disp", "year"=>"2009"}

ActionController::UnknownAction (No action responded to 2009. Actions: disp):
  

Rendering rescues/layout (not_found)


Processing GraduatesController#index (for 127.0.0.1 at 2010-06-22 19:36:12) [GET]
  [4;35;1mGraduate Load (0.5ms)[0m   [0mSELECT * FROM "graduates" [0m
Rendering template within layouts/graduates
Rendering graduates/index
Completed in 79ms (View: 75, DB: 0) | 200 OK [http://localhost/]


Processing ApplicationController#index (for 127.0.0.1 at 2010-06-22 19:38:08) [GET]

ActionController::RoutingError (No route matches "/graduates.html" with {:method=>:get}):
  

Rendering rescues/layout (not_found)


Processing ApplicationController#index (for 127.0.0.1 at 2010-06-22 19:38:33) [GET]

ActionController::RoutingError (No route matches "/graduate.html" with {:method=>:get}):
  

Rendering rescues/layout (not_found)


Processing GraduatesController#index (for 127.0.0.1 at 2010-06-22 19:39:19) [GET]
  [4;36;1mGraduate Load (0.5ms)[0m   [0;1mSELECT * FROM "graduates" [0m
Rendering template within layouts/graduates
Rendering graduates/index
Completed in 23ms (View: 19, DB: 1) | 200 OK [http://localhost/graduate.html]


Processing GraduateAdvisorsController#disp (for 127.0.0.1 at 2010-06-22 19:41:20) [GET]
  Parameters: {"id"=>"2009"}
  [4;35;1mGraduate Load (0.3ms)[0m   [0mSELECT * FROM "graduates" WHERE ("graduates"."year_of_graduation" = 2009) [0m
Rendering graduate_advisors/disp
  [4;36;1mDegree Load (0.2ms)[0m   [0;1mSELECT * FROM "degrees" WHERE ("degrees"."id" = 1) [0m
  [4;35;1mCACHE (0.0ms)[0m   [0mSELECT * FROM "degrees" WHERE ("degrees"."id" = 1) [0m
  [4;36;1mDegree Load (0.1ms)[0m   [0;1mSELECT * FROM "degrees" WHERE ("degrees"."id" = 3) [0m
  [4;35;1mCACHE (0.0ms)[0m   [0mSELECT * FROM "degrees" WHERE ("degrees"."id" = 1) [0m
Completed in 13ms (View: 8, DB: 1) | 200 OK [http://localhost/graduate_advisors/disp/2009]


Processing GraduateAdvisorsController#disp (for 127.0.0.1 at 2010-06-22 19:41:27) [GET]
  Parameters: {"id"=>"haha"}
  [4;36;1mGraduate Load (0.2ms)[0m   [0;1mSELECT * FROM "graduates" WHERE ("graduates"."year_of_graduation" = 2009) [0m
Rendering graduate_advisors/disp
  [4;35;1mDegree Load (0.2ms)[0m   [0mSELECT * FROM "degrees" WHERE ("degrees"."id" = 1) [0m
  [4;36;1mCACHE (0.0ms)[0m   [0;1mSELECT * FROM "degrees" WHERE ("degrees"."id" = 1) [0m
  [4;35;1mDegree Load (0.1ms)[0m   [0mSELECT * FROM "degrees" WHERE ("degrees"."id" = 3) [0m
  [4;36;1mCACHE (0.0ms)[0m   [0;1mSELECT * FROM "degrees" WHERE ("degrees"."id" = 1) [0m
Completed in 13ms (View: 7, DB: 1) | 200 OK [http://localhost/graduate_advisors/disp/haha]


Processing GraduateAdvisorsController#disp (for 127.0.0.1 at 2010-06-22 19:41:58) [GET]
  Parameters: {"year"=>"2009"}
  [4;35;1mGraduate Load (0.2ms)[0m   [0mSELECT * FROM "graduates" WHERE ("graduates"."year_of_graduation" = '2009') [0m
Rendering graduate_advisors/disp
  [4;36;1mDegree Load (0.2ms)[0m   [0;1mSELECT * FROM "degrees" WHERE ("degrees"."id" = 1) [0m
  [4;35;1mCACHE (0.0ms)[0m   [0mSELECT * FROM "degrees" WHERE ("degrees"."id" = 1) [0m
  [4;36;1mDegree Load (0.1ms)[0m   [0;1mSELECT * FROM "degrees" WHERE ("degrees"."id" = 3) [0m
  [4;35;1mCACHE (0.0ms)[0m   [0mSELECT * FROM "degrees" WHERE ("degrees"."id" = 1) [0m
Completed in 11ms (View: 6, DB: 0) | 200 OK [http://localhost/disp/2009]


Processing ApplicationController#index (for 127.0.0.1 at 2010-06-22 19:42:09) [GET]

ActionController::RoutingError (No route matches "/disp/haha" with {:method=>:get}):
  

Rendering rescues/layout (not_found)


Processing GraduatesController#index (for 127.0.0.1 at 2010-06-22 19:45:37) [GET]
  [4;36;1mGraduate Load (0.5ms)[0m   [0;1mSELECT * FROM "graduates" [0m
Rendering template within layouts/graduates
Rendering graduates/index
Completed in 23ms (View: 18, DB: 1) | 200 OK [http://localhost/freebie]


Processing GraduateAdvisorsController#disp (for 127.0.0.1 at 2010-06-22 19:46:26) [GET]
  Parameters: {"year"=>2009}
  [4;35;1mGraduate Load (0.3ms)[0m   [0mSELECT * FROM "graduates" WHERE ("graduates"."year_of_graduation" = 2009) [0m
Rendering graduate_advisors/disp
  [4;36;1mDegree Load (0.2ms)[0m   [0;1mSELECT * FROM "degrees" WHERE ("degrees"."id" = 1) [0m
  [4;35;1mCACHE (0.0ms)[0m   [0mSELECT * FROM "degrees" WHERE ("degrees"."id" = 1) [0m
  [4;36;1mDegree Load (0.1ms)[0m   [0;1mSELECT * FROM "degrees" WHERE ("degrees"."id" = 3) [0m
  [4;35;1mCACHE (0.0ms)[0m   [0mSELECT * FROM "degrees" WHERE ("degrees"."id" = 1) [0m
Completed in 14ms (View: 9, DB: 1) | 200 OK [http://localhost/paid]
