  [4;36;1mSQL (0.2ms)[0m   [0;1m SELECT name
 FROM sqlite_master
 WHERE type = 'table' AND NOT name = 'sqlite_sequence'
[0m
  [4;35;1mSQL (0.1ms)[0m   [0mselect sqlite_version(*)[0m
  [4;36;1mSQL (2.8ms)[0m   [0;1mCREATE TABLE "schema_migrations" ("version" varchar(255) NOT NULL) [0m
  [4;35;1mSQL (0.1ms)[0m   [0mPRAGMA index_list("schema_migrations")[0m
  [4;36;1mSQL (2.9ms)[0m   [0;1mCREATE UNIQUE INDEX "unique_schema_migrations" ON "schema_migrations" ("version")[0m
  [4;35;1mSQL (0.2ms)[0m   [0m SELECT name
 FROM sqlite_master
 WHERE type = 'table' AND NOT name = 'sqlite_sequence'
[0m
  [4;36;1mSQL (0.1ms)[0m   [0;1mSELECT version FROM schema_migrations[0m
Migrating to CreateFaculties (20100629232440)
  [4;35;1mSQL (0.4ms)[0m   [0mCREATE TABLE "faculties" ("id" INTEGER PRIMARY KEY AUTOINCREMENT NOT NULL, "first_name" varchar(255), "last_name" varchar(255), "created_at" datetime, "updated_at" datetime) [0m
  [4;36;1mSQL (0.1ms)[0m   [0;1mINSERT INTO schema_migrations (version) VALUES ('20100629232440')[0m
  [4;35;1mSQL (0.2ms)[0m   [0m SELECT name
 FROM sqlite_master
 WHERE type = 'table' AND NOT name = 'sqlite_sequence'
[0m
  [4;36;1mSQL (0.1ms)[0m   [0;1mSELECT version FROM schema_migrations[0m
  [4;35;1mSQL (0.1ms)[0m   [0m SELECT name
 FROM sqlite_master
 WHERE type = 'table' AND NOT name = 'sqlite_sequence'
[0m
  [4;36;1mSQL (0.0ms)[0m   [0;1mPRAGMA index_list("faculties")[0m


Processing FacultiesController#index (for 127.0.0.1 at 2010-06-29 18:24:59) [GET]
  [4;36;1mFaculty Load (0.3ms)[0m   [0;1mSELECT * FROM "faculties" [0m
Rendering template within layouts/faculties
Rendering faculties/index
Completed in 18ms (View: 14, DB: 0) | 200 OK [http://localhost/faculties]


Processing FacultiesController#new (for 127.0.0.1 at 2010-06-29 18:25:03) [GET]
Rendering template within layouts/faculties
Rendering faculties/new
Completed in 66ms (View: 63, DB: 0) | 200 OK [http://localhost/faculties/new]


Processing FacultiesController#index (for 127.0.0.1 at 2010-06-29 18:25:33) [GET]
  [4;35;1mFaculty Load (0.3ms)[0m   [0mSELECT * FROM "faculties" [0m
Rendering template within layouts/faculties
Rendering faculties/index
Completed in 5ms (View: 1, DB: 0) | 200 OK [http://localhost/faculties]


Processing FacultiesController#new (for 127.0.0.1 at 2010-06-29 18:25:35) [GET]
Rendering template within layouts/faculties
Rendering faculties/new
Completed in 8ms (View: 5, DB: 0) | 200 OK [http://localhost/faculties/new]


Processing FacultiesController#new (for 127.0.0.1 at 2010-06-29 18:27:18) [GET]
Rendering template within layouts/faculties
Rendering faculties/new
Completed in 13ms (View: 9, DB: 0) | 200 OK [http://localhost/faculties/new]


Processing FacultiesController#new (for 127.0.0.1 at 2010-06-29 18:28:04) [GET]
Rendering template within layouts/faculties
Rendering faculties/new
Completed in 13ms (View: 9, DB: 0) | 200 OK [http://localhost/faculties/new]


Processing FacultiesController#new (for 127.0.0.1 at 2010-06-29 18:28:44) [GET]
Rendering template within layouts/faculties
Rendering faculties/new
Completed in 14ms (View: 11, DB: 0) | 200 OK [http://localhost/faculties/new]


Processing FacultiesController#index (for 127.0.0.1 at 2010-06-29 18:31:39) [GET]
  [4;36;1mFaculty Load (0.3ms)[0m   [0;1mSELECT * FROM "faculties" [0m
Rendering template within layouts/faculties
Rendering faculties/index
Completed in 5ms (View: 1, DB: 0) | 200 OK [http://localhost/faculties]


Processing FacultiesController#index (for 127.0.0.1 at 2010-06-29 18:31:47) [GET]
  [4;35;1mFaculty Load (0.3ms)[0m   [0mSELECT * FROM "faculties" [0m
Rendering template within layouts/faculties
Rendering faculties/index
Completed in 80ms (View: 1, DB: 0) | 200 OK [http://localhost/faculties]


Processing FacultiesController#index (for 127.0.0.1 at 2010-06-29 18:31:55) [GET]
  [4;36;1mFaculty Load (0.3ms)[0m   [0;1mSELECT * FROM "faculties" [0m
Rendering template within layouts/faculties
Rendering faculties/index
Completed in 5ms (View: 1, DB: 0) | 200 OK [http://localhost/faculties]


Processing FacultiesController#index (for 127.0.0.1 at 2010-06-29 18:35:22) [GET]
  [4;35;1mFaculty Load (0.2ms)[0m   [0mSELECT * FROM "faculties" [0m
Rendering template within layouts/faculties
Rendering faculties/index
Rendered faculties/_display_faculties (0.5ms)
Completed in 11ms (View: 7, DB: 0) | 200 OK [http://localhost/faculties]


Processing FacultiesController#index (for 127.0.0.1 at 2010-06-29 18:35:24) [GET]
  [4;36;1mFaculty Load (0.3ms)[0m   [0;1mSELECT * FROM "faculties" [0m
Rendering template within layouts/faculties
Rendering faculties/index
Rendered faculties/_display_faculties (0.1ms)
Completed in 5ms (View: 1, DB: 0) | 200 OK [http://localhost/faculties]


Processing FacultiesController#index (for 127.0.0.1 at 2010-06-29 18:35:34) [GET]
  [4;35;1mFaculty Load (0.3ms)[0m   [0mSELECT * FROM "faculties" [0m
Rendering template within layouts/faculties
Rendering faculties/index
Rendered faculties/_display_faculties (0.1ms)
Completed in 8ms (View: 4, DB: 0) | 200 OK [http://localhost/faculties]


Processing FacultiesController#index (for 127.0.0.1 at 2010-06-29 18:36:34) [GET]
  [4;36;1mFaculty Load (0.3ms)[0m   [0;1mSELECT * FROM "faculties" [0m
Rendering template within layouts/faculties
Rendering faculties/index
Rendered faculties/_display_faculties (0.1ms)

ActionView::TemplateError (Called id for nil, which would mistakenly be 4 -- if you really wanted the id of nil, use object_id) on line #7 of app/views/faculties/index.html.erb:
4: <hr />
5: <h1>Would you like to add a faculty?</h1>
6: 
7: <% form_for(@faculty) do |f| %>
8:   <%= f.error_messages %>
9: 
10: 	<DIV id="nameinfo">

    app/views/faculties/index.html.erb:7
    app/controllers/faculties_controller.rb:7:in `index'

Rendered rescues/_trace (97.6ms)
Rendered rescues/_request_and_response (0.9ms)
Rendering rescues/layout (internal_server_error)


Processing FacultiesController#index (for 127.0.0.1 at 2010-06-29 18:37:11) [GET]
  [4;35;1mFaculty Load (0.2ms)[0m   [0mSELECT * FROM "faculties" [0m
Rendering template within layouts/faculties
Rendering faculties/index
Rendered faculties/_display_faculties (0.1ms)
Completed in 9ms (View: 5, DB: 0) | 200 OK [http://localhost/faculties]


Processing FacultiesController#create (for 127.0.0.1 at 2010-06-29 18:37:28) [POST]
  Parameters: {"commit"=>"Create", "authenticity_token"=>"FU2TVzhGAnQCRXXVhp2UnDG3KFFU88cAx7HvZDN+chw=", "faculty"=>{"last_name"=>"Smith", "first_name"=>"Bob"}}
  [4;36;1mFaculty Create (0.3ms)[0m   [0;1mINSERT INTO "faculties" ("created_at", "updated_at", "last_name", "first_name") VALUES('2010-06-29 23:37:28', '2010-06-29 23:37:28', 'Smith', 'Bob')[0m
Redirected to http://localhost:3000/faculties/1
Completed in 10ms (DB: 0) | 302 Found [http://localhost/faculties]


Processing FacultiesController#show (for 127.0.0.1 at 2010-06-29 18:37:28) [GET]
  Parameters: {"id"=>"1"}
  [4;35;1mFaculty Load (0.1ms)[0m   [0mSELECT * FROM "faculties" WHERE ("faculties"."id" = 1) [0m
Rendering template within layouts/faculties
Rendering faculties/show
Completed in 9ms (View: 5, DB: 0) | 200 OK [http://localhost/faculties/1]


Processing FacultiesController#create (for 127.0.0.1 at 2010-06-29 18:38:52) [POST]
  Parameters: {"commit"=>"Create", "authenticity_token"=>"FU2TVzhGAnQCRXXVhp2UnDG3KFFU88cAx7HvZDN+chw=", "faculty"=>{"last_name"=>"Smith", "first_name"=>"Bill"}}
  [4;36;1mFaculty Create (0.3ms)[0m   [0;1mINSERT INTO "faculties" ("created_at", "updated_at", "last_name", "first_name") VALUES('2010-06-29 23:38:52', '2010-06-29 23:38:52', 'Smith', 'Bill')[0m
Redirected to http://localhost:3000new

NoMethodError (undefined method `call' for nil:NilClass):
  app/controllers/faculties_controller.rb:46:in `create'

Rendered rescues/_trace (29.0ms)
Rendered rescues/_request_and_response (0.4ms)
Rendering rescues/layout (internal_server_error)


Processing FacultiesController#create (for 127.0.0.1 at 2010-06-29 18:39:03) [POST]
  Parameters: {"commit"=>"Create", "authenticity_token"=>"FU2TVzhGAnQCRXXVhp2UnDG3KFFU88cAx7HvZDN+chw=", "faculty"=>{"last_name"=>"Smith", "first_name"=>"Bill"}}
  [4;35;1mFaculty Create (0.3ms)[0m   [0mINSERT INTO "faculties" ("created_at", "updated_at", "last_name", "first_name") VALUES('2010-06-29 23:39:03', '2010-06-29 23:39:03', 'Smith', 'Bill')[0m
Redirected to http://localhost:3000/faculties/new

NoMethodError (undefined method `call' for nil:NilClass):
  app/controllers/faculties_controller.rb:46:in `create'

Rendered rescues/_trace (28.7ms)
Rendered rescues/_request_and_response (0.3ms)
Rendering rescues/layout (internal_server_error)


Processing FacultiesController#create (for 127.0.0.1 at 2010-06-29 18:41:40) [POST]
  Parameters: {"commit"=>"Create", "authenticity_token"=>"FU2TVzhGAnQCRXXVhp2UnDG3KFFU88cAx7HvZDN+chw=", "faculty"=>{"last_name"=>"Smith", "first_name"=>"John"}}
  [4;36;1mFaculty Create (0.3ms)[0m   [0;1mINSERT INTO "faculties" ("created_at", "updated_at", "last_name", "first_name") VALUES('2010-06-29 23:41:40', '2010-06-29 23:41:40', 'Smith', 'John')[0m
Redirected to http://localhost:3000/faculties
Completed in 11ms (DB: 0) | 302 Found [http://localhost/faculties]


Processing FacultiesController#index (for 127.0.0.1 at 2010-06-29 18:41:40) [GET]
  [4;35;1mFaculty Load (0.4ms)[0m   [0mSELECT * FROM "faculties" [0m
Rendering template within layouts/faculties
Rendering faculties/index
Rendered faculties/_display_faculties (8.2ms)
Completed in 17ms (View: 12, DB: 0) | 200 OK [http://localhost/faculties]


Processing FacultiesController#index (for 127.0.0.1 at 2010-06-29 18:43:52) [GET]
  [4;36;1mFaculty Load (0.4ms)[0m   [0;1mSELECT * FROM "faculties" [0m
Rendering template within layouts/faculties
Rendering faculties/index
Rendered faculties/_display_faculties (8.2ms)
Completed in 17ms (View: 13, DB: 0) | 200 OK [http://localhost/faculties]


Processing FacultiesController#create (for 127.0.0.1 at 2010-06-29 18:44:01) [POST]
  Parameters: {"commit"=>"Create", "authenticity_token"=>"FU2TVzhGAnQCRXXVhp2UnDG3KFFU88cAx7HvZDN+chw=", "faculty"=>{"last_name"=>"Walker", "first_name"=>"Bruce"}}
  [4;35;1mFaculty Create (0.3ms)[0m   [0mINSERT INTO "faculties" ("created_at", "updated_at", "last_name", "first_name") VALUES('2010-06-29 23:44:01', '2010-06-29 23:44:01', 'Walker', 'Bruce')[0m
  [4;36;1mFaculty Load (0.2ms)[0m   [0;1mSELECT * FROM "faculties" [0m
Rendered faculties/_display_faculties (72.9ms)
Completed in 85ms (View: 74, DB: 0) | 200 OK [http://localhost/faculties]


Processing ApplicationController#index (for 127.0.0.1 at 2010-06-29 18:44:57) [GET]

ActionController::RoutingError (No route matches "/sample.htm" with {:method=>:get}):
  

Rendering rescues/layout (not_found)


Processing FacultiesController#index (for 127.0.0.1 at 2010-06-29 18:45:03) [GET]
  [4;35;1mFaculty Load (0.4ms)[0m   [0mSELECT * FROM "faculties" [0m
Rendering template within layouts/faculties
Rendering faculties/index
Rendered faculties/_display_faculties (10.2ms)
Completed in 19ms (View: 15, DB: 0) | 200 OK [http://localhost/faculties]


Processing FacultiesController#index (for 127.0.0.1 at 2010-06-29 18:46:02) [GET]
  [4;36;1mFaculty Load (0.4ms)[0m   [0;1mSELECT * FROM "faculties" [0m
Rendering template within layouts/faculties
Rendering faculties/index
Rendered faculties/_display_faculties (9.9ms)

ActionView::TemplateError (undefined method `form_for_remote' for #<ActionView::Base:0x103623028>) on line #7 of app/views/faculties/index.html.erb:
4: <hr />
5: <h1>Would you like to add a faculty?</h1>
6: 
7: <% form_for_remote(@faculty) do |f| %>
8:   <%= f.error_messages %>
9: 
10: 	<DIV id="nameinfo">

    app/views/faculties/index.html.erb:7
    app/controllers/faculties_controller.rb:8:in `index'

Rendered rescues/_trace (36.5ms)
Rendered rescues/_request_and_response (0.3ms)
Rendering rescues/layout (internal_server_error)


Processing FacultiesController#index (for 127.0.0.1 at 2010-06-29 18:46:27) [GET]
  [4;35;1mFaculty Load (0.4ms)[0m   [0mSELECT * FROM "faculties" [0m
Rendering template within layouts/faculties
Rendering faculties/index
Rendered faculties/_display_faculties (10.0ms)

ActionView::TemplateError (undefined method `form_for_remote' for #<ActionView::Base:0x1037ba300>) on line #8 of app/views/faculties/index.html.erb:
5: <hr />
6: <h1>Would you like to add a faculty?</h1>
7: 
8: <% form_for_remote(@faculty) do |f| %>
9:   <%= f.error_messages %>
10: 
11: 	<DIV id="nameinfo">

    app/views/faculties/index.html.erb:8
    app/controllers/faculties_controller.rb:8:in `index'

Rendered rescues/_trace (35.4ms)
Rendered rescues/_request_and_response (0.2ms)
Rendering rescues/layout (internal_server_error)


Processing FacultiesController#index (for 127.0.0.1 at 2010-06-29 18:46:53) [GET]
  [4;36;1mFaculty Load (0.4ms)[0m   [0;1mSELECT * FROM "faculties" [0m
Rendering template within layouts/faculties
Rendering faculties/index
Rendered faculties/_display_faculties (9.7ms)

ActionView::TemplateError (undefined method `each' for #<Faculty:0x1033c53d0>) on line #8 of app/views/faculties/index.html.erb:
5: <hr />
6: <h1>Would you like to add a faculty?</h1>
7: 
8: <% form_remote_tag(@faculty) do |f| %>
9:   <%= f.error_messages %>
10: 
11: 	<DIV id="nameinfo">

    app/views/faculties/index.html.erb:8
    app/controllers/faculties_controller.rb:8:in `index'

Rendered rescues/_trace (37.9ms)
Rendered rescues/_request_and_response (0.2ms)
Rendering rescues/layout (internal_server_error)


Processing FacultiesController#index (for 127.0.0.1 at 2010-06-29 18:48:13) [GET]
  [4;35;1mFaculty Load (0.4ms)[0m   [0mSELECT * FROM "faculties" [0m
Rendering template within layouts/faculties
Rendering faculties/index
Rendered faculties/_display_faculties (9.8ms)

ActionView::TemplateError (undefined method `error_messages' for nil:NilClass) on line #9 of app/views/faculties/index.html.erb:
6: <h1>Would you like to add a faculty?</h1>
7: 
8: <% form_remote_tag :url => {:action => 'create'} do |f| %>
9:   <%= f.error_messages %>
10: 
11: 	<DIV id="nameinfo">
12:   <p>

    app/views/faculties/index.html.erb:9
    app/views/faculties/index.html.erb:8
    app/controllers/faculties_controller.rb:8:in `index'

Rendered rescues/_trace (113.4ms)
Rendered rescues/_request_and_response (0.2ms)
Rendering rescues/layout (internal_server_error)


Processing FacultiesController#index (for 127.0.0.1 at 2010-06-29 18:49:54) [GET]
  [4;36;1mFaculty Load (0.4ms)[0m   [0;1mSELECT * FROM "faculties" [0m
Rendering template within layouts/faculties
Rendering faculties/index
Rendered faculties/_display_faculties (9.7ms)

ActionView::TemplateError (undefined local variable or method `faculty' for #<ActionView::Base:0x1036c0dc8>) on line #12 of app/views/faculties/index.html.erb:
9: 	<DIV id="nameinfo">
10:   <p>
11:     First Name<br />
12:     <%= input_tag faculty.first_name %>
13:   </p>
14:   <p>
15:     Last Name<br />

    app/views/faculties/index.html.erb:12
    app/views/faculties/index.html.erb:8
    app/controllers/faculties_controller.rb:8:in `index'

Rendered rescues/_trace (104.1ms)
Rendered rescues/_request_and_response (0.3ms)
Rendering rescues/layout (internal_server_error)


Processing FacultiesController#index (for 127.0.0.1 at 2010-06-29 18:50:04) [GET]
  [4;35;1mFaculty Load (0.5ms)[0m   [0mSELECT * FROM "faculties" [0m
Rendering template within layouts/faculties
Rendering faculties/index
Rendered faculties/_display_faculties (10.1ms)

ActionView::TemplateError (undefined method `input_tag' for #<ActionView::Base:0x1037b8fa0>) on line #12 of app/views/faculties/index.html.erb:
9: 	<DIV id="nameinfo">
10:   <p>
11:     First Name<br />
12:     <%= input_tag @faculty.first_name %>
13:   </p>
14:   <p>
15:     Last Name<br />

    app/views/faculties/index.html.erb:12
    app/views/faculties/index.html.erb:8
    app/controllers/faculties_controller.rb:8:in `index'

Rendered rescues/_trace (40.0ms)
Rendered rescues/_request_and_response (0.3ms)
Rendering rescues/layout (internal_server_error)


Processing FacultiesController#index (for 127.0.0.1 at 2010-06-29 18:50:30) [GET]
  [4;36;1mFaculty Load (0.5ms)[0m   [0;1mSELECT * FROM "faculties" [0m
Rendering template within layouts/faculties
Rendering faculties/index
Rendered faculties/_display_faculties (10.0ms)
Completed in 21ms (View: 17, DB: 1) | 200 OK [http://localhost/faculties]


Processing FacultiesController#index (for 127.0.0.1 at 2010-06-29 18:51:09) [GET]
  [4;35;1mFaculty Load (0.4ms)[0m   [0mSELECT * FROM "faculties" [0m
Rendering template within layouts/faculties
Rendering faculties/index
Rendered faculties/_display_faculties (9.9ms)
Completed in 21ms (View: 17, DB: 0) | 200 OK [http://localhost/faculties]


Processing FacultiesController#index (for 127.0.0.1 at 2010-06-29 18:54:00) [GET]
  [4;36;1mFaculty Load (0.4ms)[0m   [0;1mSELECT * FROM "faculties" [0m
Rendering template within layouts/faculties
Rendering faculties/index
Rendered faculties/_display_faculties (9.9ms)
Completed in 22ms (View: 17, DB: 0) | 200 OK [http://localhost/faculties]


Processing FacultiesController#create (for 127.0.0.1 at 2010-06-29 18:55:15) [POST]
  Parameters: {"commit"=>"create", "authenticity_token"=>"eRnfbnxGLyuaE5i0b6nMjNSMW1c7EIrD2kBVr5gG9S4="}
  [4;35;1mFaculty Create (0.3ms)[0m   [0mINSERT INTO "faculties" ("created_at", "updated_at", "last_name", "first_name") VALUES('2010-06-29 23:55:15', '2010-06-29 23:55:15', NULL, NULL)[0m
  [4;36;1mFaculty Load (0.3ms)[0m   [0;1mSELECT * FROM "faculties" [0m
Rendered faculties/_display_faculties (11.0ms)
Completed in 64ms (View: 12, DB: 1) | 200 OK [http://localhost/faculties]


Processing FacultiesController#index (for 127.0.0.1 at 2010-06-29 18:55:26) [GET]
  [4;35;1mFaculty Load (0.4ms)[0m   [0mSELECT * FROM "faculties" [0m
Rendering template within layouts/faculties
Rendering faculties/index
Rendered faculties/_display_faculties (11.6ms)
Completed in 21ms (View: 15, DB: 0) | 200 OK [http://localhost/faculties]


Processing FacultiesController#destroy (for 127.0.0.1 at 2010-06-29 18:55:39) [DELETE]
  Parameters: {"authenticity_token"=>"eRnfbnxGLyuaE5i0b6nMjNSMW1c7EIrD2kBVr5gG9S4=", "id"=>"1"}
  [4;36;1mFaculty Load (0.1ms)[0m   [0;1mSELECT * FROM "faculties" WHERE ("faculties"."id" = 1) [0m
  [4;35;1mFaculty Destroy (0.4ms)[0m   [0mDELETE FROM "faculties" WHERE "id" = 1[0m
Redirected to http://localhost:3000/faculties
Completed in 53ms (DB: 1) | 302 Found [http://localhost/faculties/1]


Processing FacultiesController#index (for 127.0.0.1 at 2010-06-29 18:55:39) [GET]
  [4;36;1mFaculty Load (0.4ms)[0m   [0;1mSELECT * FROM "faculties" [0m
Rendering template within layouts/faculties
Rendering faculties/index
Rendered faculties/_display_faculties (10.4ms)
Completed in 18ms (View: 14, DB: 0) | 200 OK [http://localhost/faculties]


Processing FacultiesController#destroy (for 127.0.0.1 at 2010-06-29 18:55:41) [DELETE]
  Parameters: {"authenticity_token"=>"eRnfbnxGLyuaE5i0b6nMjNSMW1c7EIrD2kBVr5gG9S4=", "id"=>"3"}
  [4;35;1mFaculty Load (0.2ms)[0m   [0mSELECT * FROM "faculties" WHERE ("faculties"."id" = 3) [0m
  [4;36;1mFaculty Destroy (0.3ms)[0m   [0;1mDELETE FROM "faculties" WHERE "id" = 3[0m
Redirected to http://localhost:3000/faculties
Completed in 49ms (DB: 0) | 302 Found [http://localhost/faculties/3]


Processing FacultiesController#index (for 127.0.0.1 at 2010-06-29 18:55:41) [GET]
  [4;35;1mFaculty Load (0.4ms)[0m   [0mSELECT * FROM "faculties" [0m
Rendering template within layouts/faculties
Rendering faculties/index
Rendered faculties/_display_faculties (8.3ms)
Completed in 15ms (View: 12, DB: 0) | 200 OK [http://localhost/faculties]


Processing FacultiesController#destroy (for 127.0.0.1 at 2010-06-29 18:55:44) [DELETE]
  Parameters: {"authenticity_token"=>"eRnfbnxGLyuaE5i0b6nMjNSMW1c7EIrD2kBVr5gG9S4=", "id"=>"2"}
  [4;36;1mFaculty Load (0.2ms)[0m   [0;1mSELECT * FROM "faculties" WHERE ("faculties"."id" = 2) [0m
  [4;35;1mFaculty Destroy (0.4ms)[0m   [0mDELETE FROM "faculties" WHERE "id" = 2[0m
Redirected to http://localhost:3000/faculties
Completed in 43ms (DB: 1) | 302 Found [http://localhost/faculties/2]


Processing FacultiesController#index (for 127.0.0.1 at 2010-06-29 18:55:44) [GET]
  [4;36;1mFaculty Load (0.3ms)[0m   [0;1mSELECT * FROM "faculties" [0m
Rendering template within layouts/faculties
Rendering faculties/index
Rendered faculties/_display_faculties (6.3ms)
Completed in 13ms (View: 10, DB: 0) | 200 OK [http://localhost/faculties]


Processing FacultiesController#destroy (for 127.0.0.1 at 2010-06-29 18:55:50) [DELETE]
  Parameters: {"authenticity_token"=>"eRnfbnxGLyuaE5i0b6nMjNSMW1c7EIrD2kBVr5gG9S4=", "id"=>"5"}
  [4;35;1mFaculty Load (0.1ms)[0m   [0mSELECT * FROM "faculties" WHERE ("faculties"."id" = 5) [0m
  [4;36;1mFaculty Destroy (0.5ms)[0m   [0;1mDELETE FROM "faculties" WHERE "id" = 5[0m
Redirected to http://localhost:3000/faculties
Completed in 104ms (DB: 1) | 302 Found [http://localhost/faculties/5]


Processing FacultiesController#index (for 127.0.0.1 at 2010-06-29 18:55:50) [GET]
  [4;35;1mFaculty Load (0.4ms)[0m   [0mSELECT * FROM "faculties" [0m
Rendering template within layouts/faculties
Rendering faculties/index
Rendered faculties/_display_faculties (4.9ms)
Completed in 12ms (View: 8, DB: 0) | 200 OK [http://localhost/faculties]


Processing FacultiesController#destroy (for 127.0.0.1 at 2010-06-29 18:55:52) [DELETE]
  Parameters: {"authenticity_token"=>"eRnfbnxGLyuaE5i0b6nMjNSMW1c7EIrD2kBVr5gG9S4=", "id"=>"4"}
  [4;36;1mFaculty Load (0.1ms)[0m   [0;1mSELECT * FROM "faculties" WHERE ("faculties"."id" = 4) [0m
  [4;35;1mFaculty Destroy (0.2ms)[0m   [0mDELETE FROM "faculties" WHERE "id" = 4[0m
Redirected to http://localhost:3000/faculties
Completed in 45ms (DB: 0) | 302 Found [http://localhost/faculties/4]


Processing FacultiesController#index (for 127.0.0.1 at 2010-06-29 18:55:52) [GET]
  [4;36;1mFaculty Load (0.3ms)[0m   [0;1mSELECT * FROM "faculties" [0m
Rendering template within layouts/faculties
Rendering faculties/index
Rendered faculties/_display_faculties (2.8ms)
Completed in 10ms (View: 6, DB: 0) | 200 OK [http://localhost/faculties]


Processing FacultiesController#destroy (for 127.0.0.1 at 2010-06-29 18:55:54) [DELETE]
  Parameters: {"authenticity_token"=>"eRnfbnxGLyuaE5i0b6nMjNSMW1c7EIrD2kBVr5gG9S4=", "id"=>"6"}
  [4;35;1mFaculty Load (0.1ms)[0m   [0mSELECT * FROM "faculties" WHERE ("faculties"."id" = 6) [0m
  [4;36;1mFaculty Destroy (0.3ms)[0m   [0;1mDELETE FROM "faculties" WHERE "id" = 6[0m
Redirected to http://localhost:3000/faculties
Completed in 47ms (DB: 0) | 302 Found [http://localhost/faculties/6]


Processing FacultiesController#index (for 127.0.0.1 at 2010-06-29 18:55:55) [GET]
  [4;35;1mFaculty Load (0.3ms)[0m   [0mSELECT * FROM "faculties" [0m
Rendering template within layouts/faculties
Rendering faculties/index
Rendered faculties/_display_faculties (0.1ms)
Completed in 8ms (View: 4, DB: 0) | 200 OK [http://localhost/faculties]


Processing FacultiesController#index (for 127.0.0.1 at 2010-06-29 18:56:55) [GET]
  [4;36;1mFaculty Load (0.3ms)[0m   [0;1mSELECT * FROM "faculties" [0m
Rendering template within layouts/faculties
Rendering faculties/index
Rendered faculties/_display_faculties (0.1ms)
Completed in 14ms (View: 10, DB: 0) | 200 OK [http://localhost/faculties]


Processing FacultiesController#index (for 127.0.0.1 at 2010-06-29 18:57:26) [GET]
  [4;35;1mFaculty Load (0.3ms)[0m   [0mSELECT * FROM "faculties" [0m
Rendering template within layouts/faculties
Rendering faculties/index
Rendered faculties/_display_faculties (0.1ms)
Completed in 13ms (View: 10, DB: 0) | 200 OK [http://localhost/faculties]


Processing FacultiesController#create (for 127.0.0.1 at 2010-06-29 18:57:41) [POST]
  Parameters: {"commit"=>"Create", "authenticity_token"=>"eRnfbnxGLyuaE5i0b6nMjNSMW1c7EIrD2kBVr5gG9S4=", "faculty"=>{"last_name"=>"Johnson", "first_name"=>"Ben"}}
  [4;36;1mFaculty Create (0.3ms)[0m   [0;1mINSERT INTO "faculties" ("created_at", "updated_at", "last_name", "first_name") VALUES('2010-06-29 23:57:41', '2010-06-29 23:57:41', 'Johnson', 'Ben')[0m
  [4;35;1mFaculty Load (0.3ms)[0m   [0mSELECT * FROM "faculties" [0m
Rendered faculties/_display_faculties (2.3ms)
Completed in 13ms (View: 3, DB: 1) | 200 OK [http://localhost/faculties]


Processing FacultiesController#create (for 127.0.0.1 at 2010-06-29 18:57:48) [POST]
  Parameters: {"commit"=>"Create", "authenticity_token"=>"eRnfbnxGLyuaE5i0b6nMjNSMW1c7EIrD2kBVr5gG9S4=", "faculty"=>{"last_name"=>"Smith", "first_name"=>"Bob"}}
  [4;36;1mFaculty Create (0.2ms)[0m   [0;1mINSERT INTO "faculties" ("created_at", "updated_at", "last_name", "first_name") VALUES('2010-06-29 23:57:48', '2010-06-29 23:57:48', 'Smith', 'Bob')[0m
  [4;35;1mFaculty Load (0.2ms)[0m   [0mSELECT * FROM "faculties" [0m
Rendered faculties/_display_faculties (4.0ms)
Completed in 14ms (View: 5, DB: 0) | 200 OK [http://localhost/faculties]


Processing FacultiesController#index (for 127.0.0.1 at 2010-06-29 19:03:58) [GET]
  [4;36;1mFaculty Load (0.3ms)[0m   [0;1mSELECT * FROM "faculties" [0m
Rendering template within layouts/faculties
Rendering faculties/index
ERROR: compiling _run_erb_app47views47faculties47index46html46erb RAISED compile error
/Users/venkats/agility/svnuh/u10_ror/venkat/code/06292010/ajaxRailsSample/app/views/faculties/index.html.erb:11: syntax error, unexpected tIDENTIFIER, expecting ')'
...fect.Pulsate($('facultiestable').rows[$('facultiestable').ro...
                              ^
/Users/venkats/agility/svnuh/u10_ror/venkat/code/06292010/ajaxRailsSample/app/views/faculties/index.html.erb:11: syntax error, unexpected tIDENTIFIER, expecting kEND
...table').rows[$('facultiestable').rows.length - 1])') do |f| ...
                              ^
/Users/venkats/agility/svnuh/u10_ror/venkat/code/06292010/ajaxRailsSample/app/views/faculties/index.html.erb:11: syntax error, unexpected ')', expecting kEND
...iestable').rows.length - 1])') do |f| ; @output_buffer.conca...
                              ^
/Users/venkats/agility/svnuh/u10_ror/venkat/code/06292010/ajaxRailsSample/app/views/faculties/index.html.erb:29: syntax error, unexpected kENSURE, expecting $end
Function body:           def _run_erb_app47views47faculties47index46html46erb(local_assigns)
            old_output_buffer = output_buffer;;@output_buffer = '';  __in_erb_template=true ; @output_buffer.concat((  javascript_include_tag :defaults ).to_s); @output_buffer.concat "\n<h1>Listing faculties</h1>\n\n<DIV id=\"facultiesholder\">\n"



; @output_buffer.concat(( render :partial => 'display_faculties', :locals => {:faculties => @faculties} ).to_s); @output_buffer.concat "\n</DIV>\n<hr />\n<h1>Would you like to add a faculty?</h1>\n\n"




;  remote_form_for(@faculty, :update => 'facultiesholder',
   :complete => 'Effect.Pulsate($('facultiestable').rows[$('facultiestable').rows.length - 1])') do |f| ; @output_buffer.concat "\n  "
; @output_buffer.concat(( f.error_messages ).to_s); @output_buffer.concat "\n\n\t<DIV id=\"nameinfo\">\n  <p>\n    "



; @output_buffer.concat(( f.label :first_name ).to_s); @output_buffer.concat "<br />\n    "
; @output_buffer.concat(( f.text_field :first_name ).to_s); @output_buffer.concat "\n  </p>\n  <p>\n    "


; @output_buffer.concat(( f.label :last_name ).to_s); @output_buffer.concat "<br />\n    "
; @output_buffer.concat(( f.text_field :last_name ).to_s); @output_buffer.concat "\n  </p>\n  <p>\n    "


; @output_buffer.concat(( f.submit 'Create' ).to_s); @output_buffer.concat "\n  </p>\n  </DIV>\n"


;  end ; @output_buffer.concat "\n"
; @output_buffer
          ensure
            self.output_buffer = old_output_buffer
          end
Backtrace: /Users/venkats/agility/svnuh/u10_ror/venkat/code/06292010/ajaxRailsSample/app/views/faculties/index.html.erb:29:in `compile!'
/Library/Ruby/Gems/1.8/gems/actionpack-2.3.8/lib/action_view/renderable.rb:61:in `compile'
/Library/Ruby/Gems/1.8/gems/actionpack-2.3.8/lib/action_view/renderable.rb:28:in `render'
/Library/Ruby/Gems/1.8/gems/actionpack-2.3.8/lib/action_view/template.rb:205:in `render_template'
/Library/Ruby/Gems/1.8/gems/actionpack-2.3.8/lib/action_view/base.rb:265:in `render'
/Library/Ruby/Gems/1.8/gems/actionpack-2.3.8/lib/action_view/base.rb:348:in `_render_with_layout'
/Library/Ruby/Gems/1.8/gems/actionpack-2.3.8/lib/action_view/base.rb:262:in `render'
/Library/Ruby/Gems/1.8/gems/actionpack-2.3.8/lib/action_controller/base.rb:1250:in `render_for_file'
/Library/Ruby/Gems/1.8/gems/actionpack-2.3.8/lib/action_controller/base.rb:942:in `render_without_benchmark'
/Library/Ruby/Gems/1.8/gems/actionpack-2.3.8/lib/action_controller/benchmarking.rb:51:in `render'
/Library/Ruby/Gems/1.8/gems/activesupport-2.3.8/lib/active_support/core_ext/benchmark.rb:17:in `ms'
/System/Library/Frameworks/Ruby.framework/Versions/1.8/usr/lib/ruby/1.8/benchmark.rb:308:in `realtime'
/Library/Ruby/Gems/1.8/gems/activesupport-2.3.8/lib/active_support/core_ext/benchmark.rb:17:in `ms'
/Library/Ruby/Gems/1.8/gems/actionpack-2.3.8/lib/action_controller/benchmarking.rb:51:in `render'
/Library/Ruby/Gems/1.8/gems/actionpack-2.3.8/lib/action_controller/mime_responds.rb:135:in `send'
/Library/Ruby/Gems/1.8/gems/actionpack-2.3.8/lib/action_controller/mime_responds.rb:135:in `custom'
/Library/Ruby/Gems/1.8/gems/actionpack-2.3.8/lib/action_controller/mime_responds.rb:179:in `call'
/Library/Ruby/Gems/1.8/gems/actionpack-2.3.8/lib/action_controller/mime_responds.rb:179:in `respond'
/Library/Ruby/Gems/1.8/gems/actionpack-2.3.8/lib/action_controller/mime_responds.rb:173:in `each'
/Library/Ruby/Gems/1.8/gems/actionpack-2.3.8/lib/action_controller/mime_responds.rb:173:in `respond'
/Library/Ruby/Gems/1.8/gems/actionpack-2.3.8/lib/action_controller/mime_responds.rb:107:in `respond_to'
/Users/venkats/agility/svnuh/u10_ror/venkat/code/06292010/ajaxRailsSample/app/controllers/faculties_controller.rb:8:in `index'
/Library/Ruby/Gems/1.8/gems/actionpack-2.3.8/lib/action_controller/base.rb:1331:in `send'
/Library/Ruby/Gems/1.8/gems/actionpack-2.3.8/lib/action_controller/base.rb:1331:in `perform_action_without_filters'
/Library/Ruby/Gems/1.8/gems/actionpack-2.3.8/lib/action_controller/filters.rb:617:in `call_filters'
/Library/Ruby/Gems/1.8/gems/actionpack-2.3.8/lib/action_controller/filters.rb:610:in `perform_action_without_benchmark'
/Library/Ruby/Gems/1.8/gems/actionpack-2.3.8/lib/action_controller/benchmarking.rb:68:in `perform_action_without_rescue'
/Library/Ruby/Gems/1.8/gems/activesupport-2.3.8/lib/active_support/core_ext/benchmark.rb:17:in `ms'
/System/Library/Frameworks/Ruby.framework/Versions/1.8/usr/lib/ruby/1.8/benchmark.rb:308:in `realtime'
/Library/Ruby/Gems/1.8/gems/activesupport-2.3.8/lib/active_support/core_ext/benchmark.rb:17:in `ms'
/Library/Ruby/Gems/1.8/gems/actionpack-2.3.8/lib/action_controller/benchmarking.rb:68:in `perform_action_without_rescue'
/Library/Ruby/Gems/1.8/gems/actionpack-2.3.8/lib/action_controller/rescue.rb:160:in `perform_action_without_flash'
/Library/Ruby/Gems/1.8/gems/actionpack-2.3.8/lib/action_controller/flash.rb:151:in `perform_action'
/Library/Ruby/Gems/1.8/gems/actionpack-2.3.8/lib/action_controller/base.rb:532:in `send'
/Library/Ruby/Gems/1.8/gems/actionpack-2.3.8/lib/action_controller/base.rb:532:in `process_without_filters'
/Library/Ruby/Gems/1.8/gems/actionpack-2.3.8/lib/action_controller/filters.rb:606:in `process'
/Library/Ruby/Gems/1.8/gems/actionpack-2.3.8/lib/action_controller/base.rb:391:in `process'
/Library/Ruby/Gems/1.8/gems/actionpack-2.3.8/lib/action_controller/base.rb:386:in `call'
/Library/Ruby/Gems/1.8/gems/actionpack-2.3.8/lib/action_controller/routing/route_set.rb:438:in `call'
/Library/Ruby/Gems/1.8/gems/actionpack-2.3.8/lib/action_controller/dispatcher.rb:87:in `dispatch'
/Library/Ruby/Gems/1.8/gems/actionpack-2.3.8/lib/action_controller/dispatcher.rb:121:in `_call'
/Library/Ruby/Gems/1.8/gems/actionpack-2.3.8/lib/action_controller/dispatcher.rb:130:in `build_middleware_stack'
/Library/Ruby/Gems/1.8/gems/activerecord-2.3.8/lib/active_record/query_cache.rb:29:in `call'
/Library/Ruby/Gems/1.8/gems/activerecord-2.3.8/lib/active_record/query_cache.rb:29:in `call'
/Library/Ruby/Gems/1.8/gems/activerecord-2.3.8/lib/active_record/connection_adapters/abstract/query_cache.rb:34:in `cache'
/Library/Ruby/Gems/1.8/gems/activerecord-2.3.8/lib/active_record/query_cache.rb:9:in `cache'
/Library/Ruby/Gems/1.8/gems/activerecord-2.3.8/lib/active_record/query_cache.rb:28:in `call'
/Library/Ruby/Gems/1.8/gems/activerecord-2.3.8/lib/active_record/connection_adapters/abstract/connection_pool.rb:361:in `call'
/Library/Ruby/Gems/1.8/gems/actionpack-2.3.8/lib/action_controller/string_coercion.rb:25:in `call'
/Library/Ruby/Gems/1.8/gems/rack-1.1.0/lib/rack/head.rb:9:in `call'
/Library/Ruby/Gems/1.8/gems/rack-1.1.0/lib/rack/methodoverride.rb:24:in `call'
/Library/Ruby/Gems/1.8/gems/actionpack-2.3.8/lib/action_controller/params_parser.rb:15:in `call'
/Library/Ruby/Gems/1.8/gems/actionpack-2.3.8/lib/action_controller/session/cookie_store.rb:99:in `call'
/Library/Ruby/Gems/1.8/gems/actionpack-2.3.8/lib/action_controller/failsafe.rb:26:in `call'
/Library/Ruby/Gems/1.8/gems/rack-1.1.0/lib/rack/lock.rb:11:in `call'
/Library/Ruby/Gems/1.8/gems/rack-1.1.0/lib/rack/lock.rb:11:in `synchronize'
/Library/Ruby/Gems/1.8/gems/rack-1.1.0/lib/rack/lock.rb:11:in `call'
/Library/Ruby/Gems/1.8/gems/actionpack-2.3.8/lib/action_controller/dispatcher.rb:114:in `call'
/Library/Ruby/Gems/1.8/gems/actionpack-2.3.8/lib/action_controller/reloader.rb:34:in `run'
/Library/Ruby/Gems/1.8/gems/actionpack-2.3.8/lib/action_controller/dispatcher.rb:108:in `call'
/Library/Ruby/Gems/1.8/gems/rails-2.3.8/lib/rails/rack/static.rb:31:in `call'
/Library/Ruby/Gems/1.8/gems/rack-1.1.0/lib/rack/urlmap.rb:47:in `call'
/Library/Ruby/Gems/1.8/gems/rack-1.1.0/lib/rack/urlmap.rb:41:in `each'
/Library/Ruby/Gems/1.8/gems/rack-1.1.0/lib/rack/urlmap.rb:41:in `call'
/Library/Ruby/Gems/1.8/gems/rails-2.3.8/lib/rails/rack/log_tailer.rb:17:in `call'
/Library/Ruby/Gems/1.8/gems/rack-1.1.0/lib/rack/content_length.rb:13:in `call'
/Library/Ruby/Gems/1.8/gems/rack-1.1.0/lib/rack/chunked.rb:15:in `call'
/Library/Ruby/Gems/1.8/gems/rack-1.1.0/lib/rack/handler/mongrel.rb:67:in `process'
/System/Library/Frameworks/Ruby.framework/Versions/1.8/usr/lib/ruby/gems/1.8/gems/mongrel-1.1.5/lib/mongrel.rb:159:in `process_client'
/System/Library/Frameworks/Ruby.framework/Versions/1.8/usr/lib/ruby/gems/1.8/gems/mongrel-1.1.5/lib/mongrel.rb:158:in `each'
/System/Library/Frameworks/Ruby.framework/Versions/1.8/usr/lib/ruby/gems/1.8/gems/mongrel-1.1.5/lib/mongrel.rb:158:in `process_client'
/System/Library/Frameworks/Ruby.framework/Versions/1.8/usr/lib/ruby/gems/1.8/gems/mongrel-1.1.5/lib/mongrel.rb:285:in `run'
/System/Library/Frameworks/Ruby.framework/Versions/1.8/usr/lib/ruby/gems/1.8/gems/mongrel-1.1.5/lib/mongrel.rb:285:in `initialize'
/System/Library/Frameworks/Ruby.framework/Versions/1.8/usr/lib/ruby/gems/1.8/gems/mongrel-1.1.5/lib/mongrel.rb:285:in `new'
/System/Library/Frameworks/Ruby.framework/Versions/1.8/usr/lib/ruby/gems/1.8/gems/mongrel-1.1.5/lib/mongrel.rb:285:in `run'
/System/Library/Frameworks/Ruby.framework/Versions/1.8/usr/lib/ruby/gems/1.8/gems/mongrel-1.1.5/lib/mongrel.rb:268:in `initialize'
/System/Library/Frameworks/Ruby.framework/Versions/1.8/usr/lib/ruby/gems/1.8/gems/mongrel-1.1.5/lib/mongrel.rb:268:in `new'
/System/Library/Frameworks/Ruby.framework/Versions/1.8/usr/lib/ruby/gems/1.8/gems/mongrel-1.1.5/lib/mongrel.rb:268:in `run'
/Library/Ruby/Gems/1.8/gems/rack-1.1.0/lib/rack/handler/mongrel.rb:38:in `run'
/Library/Ruby/Gems/1.8/gems/rails-2.3.8/lib/commands/server.rb:111
/Library/Ruby/Site/1.8/rubygems/custom_require.rb:31:in `gem_original_require'
/Library/Ruby/Site/1.8/rubygems/custom_require.rb:31:in `require'
script/server:3

ActionView::TemplateError (compile error
/Users/venkats/agility/svnuh/u10_ror/venkat/code/06292010/ajaxRailsSample/app/views/faculties/index.html.erb:11: syntax error, unexpected tIDENTIFIER, expecting ')'
...fect.Pulsate($('facultiestable').rows[$('facultiestable').ro...
                              ^
/Users/venkats/agility/svnuh/u10_ror/venkat/code/06292010/ajaxRailsSample/app/views/faculties/index.html.erb:11: syntax error, unexpected tIDENTIFIER, expecting kEND
...table').rows[$('facultiestable').rows.length - 1])') do |f| ...
                              ^
/Users/venkats/agility/svnuh/u10_ror/venkat/code/06292010/ajaxRailsSample/app/views/faculties/index.html.erb:11: syntax error, unexpected ')', expecting kEND
...iestable').rows.length - 1])') do |f| ; @output_buffer.conca...
                              ^
/Users/venkats/agility/svnuh/u10_ror/venkat/code/06292010/ajaxRailsSample/app/views/faculties/index.html.erb:29: syntax error, unexpected kENSURE, expecting $end) on line #11 of app/views/faculties/index.html.erb:
8: <h1>Would you like to add a faculty?</h1>
9: 
10: <% remote_form_for(@faculty, :update => 'facultiesholder',
11:    :complete => 'Effect.Pulsate($('facultiestable').rows[$('facultiestable').rows.length - 1])') do |f| %>
12:   <%= f.error_messages %>
13: 
14: 	<DIV id="nameinfo">

    app/views/faculties/index.html.erb:29:in `compile!'
    app/controllers/faculties_controller.rb:8:in `index'

Rendered rescues/_trace (94.6ms)
Rendered rescues/_request_and_response (0.2ms)
Rendering rescues/layout (internal_server_error)


Processing FacultiesController#index (for 127.0.0.1 at 2010-06-29 19:04:42) [GET]
  [4;35;1mFaculty Load (0.3ms)[0m   [0mSELECT * FROM "faculties" [0m
Rendering template within layouts/faculties
Rendering faculties/index
Rendered faculties/_display_faculties (4.7ms)
Completed in 18ms (View: 14, DB: 0) | 200 OK [http://localhost/faculties]


Processing FacultiesController#create (for 127.0.0.1 at 2010-06-29 19:04:57) [POST]
  Parameters: {"commit"=>"Create", "authenticity_token"=>"eRnfbnxGLyuaE5i0b6nMjNSMW1c7EIrD2kBVr5gG9S4=", "faculty"=>{"last_name"=>"Walker", "first_name"=>"Bruce"}}
  [4;36;1mFaculty Create (0.3ms)[0m   [0;1mINSERT INTO "faculties" ("created_at", "updated_at", "last_name", "first_name") VALUES('2010-06-30 00:04:57', '2010-06-30 00:04:57', 'Walker', 'Bruce')[0m
  [4;35;1mFaculty Load (0.2ms)[0m   [0mSELECT * FROM "faculties" [0m
Rendered faculties/_display_faculties (5.8ms)
Completed in 16ms (View: 7, DB: 0) | 200 OK [http://localhost/faculties]


Processing FacultiesController#index (for 127.0.0.1 at 2010-06-29 19:06:33) [GET]
  [4;36;1mFaculty Load (0.4ms)[0m   [0;1mSELECT * FROM "faculties" [0m
Rendering template within layouts/faculties
Rendering faculties/index
Rendered faculties/_display_faculties (6.6ms)
Completed in 20ms (View: 16, DB: 0) | 200 OK [http://localhost/faculties]


Processing FacultiesController#create (for 127.0.0.1 at 2010-06-29 19:06:39) [POST]
  Parameters: {"commit"=>"Create", "authenticity_token"=>"eRnfbnxGLyuaE5i0b6nMjNSMW1c7EIrD2kBVr5gG9S4=", "faculty"=>{"last_name"=>"Walker", "first_name"=>"Joe"}}
  [4;35;1mFaculty Create (0.3ms)[0m   [0mINSERT INTO "faculties" ("created_at", "updated_at", "last_name", "first_name") VALUES('2010-06-30 00:06:39', '2010-06-30 00:06:39', 'Walker', 'Joe')[0m
  [4;36;1mFaculty Load (0.3ms)[0m   [0;1mSELECT * FROM "faculties" [0m
Rendered faculties/_display_faculties (7.5ms)
Completed in 18ms (View: 8, DB: 1) | 200 OK [http://localhost/faculties]


Processing FacultiesController#index (for 127.0.0.1 at 2010-06-29 19:13:22) [GET]
  [4;35;1mFaculty Load (0.4ms)[0m   [0mSELECT * FROM "faculties" [0m
Rendering template within layouts/faculties
Rendering faculties/index
Rendered faculties/_display_faculties (64.2ms)
Completed in 80ms (View: 74, DB: 0) | 200 OK [http://localhost/faculties]


Processing FacultiesController#create (for 127.0.0.1 at 2010-06-29 19:14:28) [POST]
  Parameters: {"commit"=>"Create", "authenticity_token"=>"eRnfbnxGLyuaE5i0b6nMjNSMW1c7EIrD2kBVr5gG9S4=", "faculty"=>{"last_name"=>"Jacobs", "first_name"=>"Jill"}}
  [4;36;1mFaculty Create (0.3ms)[0m   [0;1mINSERT INTO "faculties" ("created_at", "updated_at", "last_name", "first_name") VALUES('2010-06-30 00:14:28', '2010-06-30 00:14:28', 'Jacobs', 'Jill')[0m
  [4;35;1mFaculty Load (0.3ms)[0m   [0mSELECT * FROM "faculties" [0m
Rendered faculties/_display_faculties (9.6ms)
Completed in 20ms (View: 10, DB: 1) | 200 OK [http://localhost/faculties]


Processing FacultiesController#create (for 127.0.0.1 at 2010-06-29 19:15:33) [POST]
  Parameters: {"commit"=>"Create", "authenticity_token"=>"eRnfbnxGLyuaE5i0b6nMjNSMW1c7EIrD2kBVr5gG9S4=", "faculty"=>{"last_name"=>"Jacobs", "first_name"=>"Jill"}}
  [4;36;1mFaculty Create (0.3ms)[0m   [0;1mINSERT INTO "faculties" ("created_at", "updated_at", "last_name", "first_name") VALUES('2010-06-30 00:15:33', '2010-06-30 00:15:33', 'Jacobs', 'Jill')[0m
  [4;35;1mFaculty Load (0.3ms)[0m   [0mSELECT * FROM "faculties" [0m
Rendered faculties/_display_faculties (11.2ms)
Completed in 22ms (View: 12, DB: 1) | 200 OK [http://localhost/faculties]


Processing ApplicationController#index (for 127.0.0.1 at 2010-07-02 23:03:02) [GET]

ActionController::RoutingError (No route matches "/authors" with {:method=>:get}):
  

Rendering rescues/layout (not_found)


Processing FacultiesController#index (for 127.0.0.1 at 2010-07-02 23:03:10) [GET]
  [4;36;1mFaculty Load (0.0ms)[0m   [0;1mSQLite3::SQLException: no such table: faculties: SELECT * FROM "faculties" [0m

ActiveRecord::StatementInvalid (SQLite3::SQLException: no such table: faculties: SELECT * FROM "faculties" ):
  app/controllers/faculties_controller.rb:5:in `index'

Rendered rescues/_trace (78.0ms)
Rendered rescues/_request_and_response (3.0ms)
Rendering rescues/layout (internal_server_error)
  [4;36;1mSQL (1.0ms)[0m   [0;1m SELECT name
 FROM sqlite_master
 WHERE type = 'table' AND NOT name = 'sqlite_sequence'
[0m
  [4;35;1mSQL (0.0ms)[0m   [0mselect sqlite_version(*)[0m
  [4;36;1mSQL (124.0ms)[0m   [0;1mCREATE TABLE "schema_migrations" ("version" varchar(255) NOT NULL) [0m
  [4;35;1mSQL (87.0ms)[0m   [0mCREATE UNIQUE INDEX "unique_schema_migrations" ON "schema_migrations" ("version")[0m
  [4;36;1mSQL (1.0ms)[0m   [0;1m SELECT name
 FROM sqlite_master
 WHERE type = 'table' AND NOT name = 'sqlite_sequence'
[0m
  [4;35;1mSQL (0.0ms)[0m   [0mSELECT version FROM schema_migrations[0m
Migrating to CreateFaculties (20100629232440)
  [4;36;1mSQL (1.0ms)[0m   [0;1mCREATE TABLE "faculties" ("id" INTEGER PRIMARY KEY AUTOINCREMENT NOT NULL, "first_name" varchar(255), "last_name" varchar(255), "created_at" datetime, "updated_at" datetime) [0m
  [4;35;1mSQL (0.0ms)[0m   [0mINSERT INTO schema_migrations (version) VALUES ('20100629232440')[0m
  [4;36;1mSQL (0.0ms)[0m   [0;1m SELECT name
 FROM sqlite_master
 WHERE type = 'table' AND NOT name = 'sqlite_sequence'
[0m
  [4;35;1mSQL (0.0ms)[0m   [0mSELECT version FROM schema_migrations[0m
  [4;36;1mSQL (0.0ms)[0m   [0;1m SELECT name
 FROM sqlite_master
 WHERE type = 'table' AND NOT name = 'sqlite_sequence'
[0m
  [4;35;1mSQL (0.0ms)[0m   [0mPRAGMA index_list("faculties")[0m


Processing FacultiesController#index (for 127.0.0.1 at 2010-07-02 23:03:44) [GET]
  [4;35;1mFaculty Load (1.0ms)[0m   [0mSELECT * FROM "faculties" [0m
Rendering template within layouts/faculties
Rendering faculties/index
Rendered faculties/_display_faculties (1.0ms)

ActionView::TemplateError (undefined local variable or method `notice' for #<ActionView::Base:0x5949008>) on line #12 of app/views/layouts/faculties.html.erb:
9: </head>
10: <body>
11: 
12: <p style="color: green"><%= notice %></p>
13: 
14: <%= yield %>
15: 

    app/views/layouts/faculties.html.erb:12
    app/controllers/faculties_controller.rb:8:in `index'

Rendered rescues/_trace (84.0ms)
Rendered rescues/_request_and_response (0.0ms)
Rendering rescues/layout (internal_server_error)


Processing FacultiesController#index (for 127.0.0.1 at 2010-07-02 23:04:59) [GET]
  [4;36;1mFaculty Load (1.0ms)[0m   [0;1mSELECT * FROM "faculties" [0m
Rendering template within layouts/faculties
Rendering faculties/index
Rendered faculties/_display_faculties (0.0ms)

ActionView::TemplateError (undefined local variable or method `notice' for #<ActionView::Base:0x5927818>) on line #12 of app/views/layouts/faculties.html.erb:
9: </head>
10: <body>
11: 
12: <p style="color: green"><%= notice %></p>
13: 
14: <%= yield %>
15: 

    app/views/layouts/faculties.html.erb:12
    app/controllers/faculties_controller.rb:8:in `index'

Rendered rescues/_trace (49.0ms)
Rendered rescues/_request_and_response (0.0ms)
Rendering rescues/layout (internal_server_error)


Processing FacultiesController#index (for 127.0.0.1 at 2010-07-02 23:05:23) [GET]
  [4;35;1mFaculty Load (1.0ms)[0m   [0mSELECT * FROM "faculties" [0m
Rendering template within layouts/faculties
Rendering faculties/index
Rendered faculties/_display_faculties (0.0ms)
Completed in 21ms (View: 14, DB: 1) | 200 OK [http://localhost/faculties]


Processing FacultiesController#create (for 127.0.0.1 at 2010-07-02 23:05:31) [POST]
  Parameters: {"commit"=>"Create", "authenticity_token"=>"g6tcq6huVT5f/yH7vX6CkwaB9MrGpw7vPduwNr6J06M=", "faculty"=>{"first_name"=>"shaunak", "last_name"=>"vairagare"}, "_"=>""}
  [4;36;1mFaculty Create (0.0ms)[0m   [0;1mINSERT INTO "faculties" ("updated_at", "first_name", "last_name", "created_at") VALUES('2010-07-03 04:05:31', 'shaunak', 'vairagare', '2010-07-03 04:05:31')[0m
  [4;35;1mFaculty Load (1.0ms)[0m   [0mSELECT * FROM "faculties" [0m
Rendered faculties/_display_faculties (6.0ms)
Completed in 105ms (View: 8, DB: 1) | 200 OK [http://localhost/faculties]


Processing FacultiesController#create (for 127.0.0.1 at 2010-07-02 23:06:34) [POST]
  Parameters: {"commit"=>"Create", "authenticity_token"=>"g6tcq6huVT5f/yH7vX6CkwaB9MrGpw7vPduwNr6J06M=", "faculty"=>{"first_name"=>"", "last_name"=>""}, "_"=>""}
Rendering template within layouts/faculties
Rendering faculties/new
Completed in 25ms (View: 17, DB: 0) | 200 OK [http://localhost/faculties]


Processing FacultiesController#index (for 127.0.0.1 at 2010-07-02 23:06:53) [GET]
  [4;36;1mFaculty Load (1.0ms)[0m   [0;1mSELECT * FROM "faculties" [0m
Rendering template within layouts/faculties
Rendering faculties/index
Rendered faculties/_display_faculties (5.0ms)
Completed in 20ms (View: 13, DB: 1) | 200 OK [http://localhost/faculties]


Processing FacultiesController#index (for 127.0.0.1 at 2010-07-02 23:08:10) [GET]
  [4;35;1mFaculty Load (1.0ms)[0m   [0mSELECT * FROM "faculties" [0m
Rendering template within layouts/faculties
Rendering faculties/index
Rendered faculties/_display_faculties (5.0ms)
Completed in 55ms (View: 48, DB: 1) | 200 OK [http://localhost/faculties]


Processing FacultiesController#create (for 127.0.0.1 at 2010-07-02 23:08:12) [POST]
  Parameters: {"commit"=>"Create", "authenticity_token"=>"g6tcq6huVT5f/yH7vX6CkwaB9MrGpw7vPduwNr6J06M=", "faculty"=>{"first_name"=>"", "last_name"=>""}, "_"=>""}
  [4;36;1mFaculty Load (1.0ms)[0m   [0;1mSELECT * FROM "faculties" [0m
Rendered faculties/_display_faculties (4.0ms)
Completed in 15ms (View: 6, DB: 1) | 200 OK [http://localhost/faculties]


Processing FacultiesController#create (for 127.0.0.1 at 2010-07-02 23:08:15) [POST]
  Parameters: {"commit"=>"Create", "authenticity_token"=>"g6tcq6huVT5f/yH7vX6CkwaB9MrGpw7vPduwNr6J06M=", "faculty"=>{"first_name"=>"", "last_name"=>""}, "_"=>""}
  [4;35;1mFaculty Load (0.0ms)[0m   [0mSELECT * FROM "faculties" [0m
Rendered faculties/_display_faculties (4.0ms)
Completed in 16ms (View: 5, DB: 0) | 200 OK [http://localhost/faculties]


Processing FacultiesController#create (for 127.0.0.1 at 2010-07-02 23:08:18) [POST]
  Parameters: {"commit"=>"Create", "authenticity_token"=>"g6tcq6huVT5f/yH7vX6CkwaB9MrGpw7vPduwNr6J06M=", "faculty"=>{"first_name"=>"", "last_name"=>""}, "_"=>""}
  [4;36;1mFaculty Load (1.0ms)[0m   [0;1mSELECT * FROM "faculties" [0m
Rendered faculties/_display_faculties (4.0ms)
Completed in 13ms (View: 5, DB: 1) | 200 OK [http://localhost/faculties]


Processing FacultiesController#index (for 127.0.0.1 at 2010-07-02 23:14:54) [GET]
  [4;35;1mFaculty Load (1.0ms)[0m   [0mSELECT * FROM "faculties" [0m
Rendering template within layouts/faculties
Rendering faculties/index
Rendered faculties/_display_faculties (6.0ms)
Completed in 26ms (View: 19, DB: 1) | 200 OK [http://localhost/faculties]


Processing FacultiesController#create (for 127.0.0.1 at 2010-07-02 23:15:00) [POST]
  Parameters: {"commit"=>"Create", "authenticity_token"=>"g6tcq6huVT5f/yH7vX6CkwaB9MrGpw7vPduwNr6J06M=", "faculty"=>{"first_name"=>"vasu", "last_name"=>"vasu"}, "_"=>""}
  [4;36;1mFaculty Create (1.0ms)[0m   [0;1mINSERT INTO "faculties" ("updated_at", "first_name", "last_name", "created_at") VALUES('2010-07-03 04:15:00', 'vasu', 'vasu', '2010-07-03 04:15:00')[0m
  [4;35;1mFaculty Load (1.0ms)[0m   [0mSELECT * FROM "faculties" [0m
Rendered faculties/_display_faculties (8.0ms)
Completed in 161ms (View: 11, DB: 2) | 200 OK [http://localhost/faculties]


Processing FacultiesController#create (for 127.0.0.1 at 2010-07-02 23:15:04) [POST]
  Parameters: {"commit"=>"Create", "authenticity_token"=>"g6tcq6huVT5f/yH7vX6CkwaB9MrGpw7vPduwNr6J06M=", "faculty"=>{"first_name"=>"", "last_name"=>"vasu"}, "_"=>""}

ActionView::MissingTemplate (Missing template faculties/create.erb in view path app/views):
  

Rendering rescues/layout (internal_server_error)


Processing ApplicationController#index (for 127.0.0.1 at 2010-07-02 23:16:02) [GET]

ActionController::RoutingError (No route matches "/authors" with {:method=>:get}):
  

Rendering rescues/layout (not_found)


Processing ApplicationController#index (for 127.0.0.1 at 2010-07-02 23:16:04) [GET]

ActionController::RoutingError (No route matches "/authors" with {:method=>:get}):
  

Rendering rescues/layout (not_found)


Processing FacultiesController#index (for 127.0.0.1 at 2010-07-02 23:16:12) [GET]
  [4;36;1mFaculty Load (1.0ms)[0m   [0;1mSELECT * FROM "faculties" [0m
Rendering template within layouts/faculties
Rendering faculties/index
Rendered faculties/_display_faculties (9.0ms)
Completed in 24ms (View: 16, DB: 1) | 200 OK [http://localhost/faculties]


Processing FacultiesController#create (for 127.0.0.1 at 2010-07-02 23:16:14) [POST]
  Parameters: {"commit"=>"Create", "authenticity_token"=>"g6tcq6huVT5f/yH7vX6CkwaB9MrGpw7vPduwNr6J06M=", "faculty"=>{"first_name"=>"", "last_name"=>""}, "_"=>""}
Redirected to http://localhost:3000/faculties
Completed in 9ms (DB: 0) | 302 Found [http://localhost/faculties]


Processing FacultiesController#index (for 127.0.0.1 at 2010-07-02 23:16:15) [GET]
  [4;35;1mFaculty Load (1.0ms)[0m   [0mSELECT * FROM "faculties" [0m
Rendering template within layouts/faculties
Rendering faculties/index
Rendered faculties/_display_faculties (8.0ms)
Completed in 23ms (View: 16, DB: 1) | 200 OK [http://localhost/faculties]


Processing FacultiesController#create (for 127.0.0.1 at 2010-07-02 23:16:18) [POST]
  Parameters: {"commit"=>"Create", "authenticity_token"=>"g6tcq6huVT5f/yH7vX6CkwaB9MrGpw7vPduwNr6J06M=", "faculty"=>{"first_name"=>"", "last_name"=>""}, "_"=>""}
Redirected to http://localhost:3000/faculties
Completed in 8ms (DB: 0) | 302 Found [http://localhost/faculties]


Processing FacultiesController#index (for 127.0.0.1 at 2010-07-02 23:16:19) [GET]
  [4;36;1mFaculty Load (0.0ms)[0m   [0;1mSELECT * FROM "faculties" [0m
Rendering template within layouts/faculties
Rendering faculties/index
Rendered faculties/_display_faculties (8.0ms)
Completed in 23ms (View: 15, DB: 0) | 200 OK [http://localhost/faculties]


Processing FacultiesController#create (for 127.0.0.1 at 2010-07-02 23:16:22) [POST]
  Parameters: {"commit"=>"Create", "authenticity_token"=>"g6tcq6huVT5f/yH7vX6CkwaB9MrGpw7vPduwNr6J06M=", "faculty"=>{"first_name"=>"", "last_name"=>""}, "_"=>""}
Redirected to http://localhost:3000/faculties
Completed in 8ms (DB: 0) | 302 Found [http://localhost/faculties]


Processing FacultiesController#index (for 127.0.0.1 at 2010-07-02 23:16:23) [GET]
  [4;35;1mFaculty Load (0.0ms)[0m   [0mSELECT * FROM "faculties" [0m
Rendering template within layouts/faculties
Rendering faculties/index
Rendered faculties/_display_faculties (41.0ms)
Completed in 56ms (View: 49, DB: 0) | 200 OK [http://localhost/faculties]


Processing FacultiesController#create (for 127.0.0.1 at 2010-07-02 23:16:25) [POST]
  Parameters: {"commit"=>"Create", "authenticity_token"=>"g6tcq6huVT5f/yH7vX6CkwaB9MrGpw7vPduwNr6J06M=", "faculty"=>{"first_name"=>"", "last_name"=>""}, "_"=>""}
Redirected to http://localhost:3000/faculties
Completed in 8ms (DB: 0) | 302 Found [http://localhost/faculties]


Processing FacultiesController#index (for 127.0.0.1 at 2010-07-02 23:16:26) [GET]
  [4;36;1mFaculty Load (0.0ms)[0m   [0;1mSELECT * FROM "faculties" [0m
Rendering template within layouts/faculties
Rendering faculties/index
Rendered faculties/_display_faculties (8.0ms)
Completed in 23ms (View: 16, DB: 0) | 200 OK [http://localhost/faculties]


Processing FacultiesController#create (for 127.0.0.1 at 2010-07-02 23:16:27) [POST]
  Parameters: {"commit"=>"Create", "authenticity_token"=>"g6tcq6huVT5f/yH7vX6CkwaB9MrGpw7vPduwNr6J06M=", "faculty"=>{"first_name"=>"", "last_name"=>""}, "_"=>""}
Redirected to http://localhost:3000/faculties
Completed in 9ms (DB: 0) | 302 Found [http://localhost/faculties]


Processing FacultiesController#index (for 127.0.0.1 at 2010-07-02 23:16:28) [GET]
  [4;35;1mFaculty Load (1.0ms)[0m   [0mSELECT * FROM "faculties" [0m
Rendering template within layouts/faculties
Rendering faculties/index
Rendered faculties/_display_faculties (8.0ms)
Completed in 23ms (View: 16, DB: 1) | 200 OK [http://localhost/faculties]


Processing FacultiesController#index (for 127.0.0.1 at 2010-07-02 23:16:33) [GET]
  [4;36;1mFaculty Load (1.0ms)[0m   [0;1mSELECT * FROM "faculties" [0m
Rendering template within layouts/faculties
Rendering faculties/index
Rendered faculties/_display_faculties (8.0ms)
Completed in 23ms (View: 16, DB: 1) | 200 OK [http://localhost/faculties]


Processing FacultiesController#create (for 127.0.0.1 at 2010-07-02 23:16:36) [POST]
  Parameters: {"commit"=>"Create", "authenticity_token"=>"g6tcq6huVT5f/yH7vX6CkwaB9MrGpw7vPduwNr6J06M=", "faculty"=>{"first_name"=>"", "last_name"=>""}, "_"=>""}
Redirected to http://localhost:3000/faculties
Completed in 8ms (DB: 0) | 302 Found [http://localhost/faculties]


Processing FacultiesController#index (for 127.0.0.1 at 2010-07-02 23:16:36) [GET]
  [4;35;1mFaculty Load (0.0ms)[0m   [0mSELECT * FROM "faculties" [0m
Rendering template within layouts/faculties
Rendering faculties/index
Rendered faculties/_display_faculties (8.0ms)
Completed in 23ms (View: 16, DB: 0) | 200 OK [http://localhost/faculties]
